#
# A fatal error has been detected by the Java Runtime Environment:
#
#  SIGSEGV (0xb) at pc=0x00007f9c90720009, pid=4346, tid=4347
#
# JRE version: OpenJDK Runtime Environment (9.0) (build 9-internal+0-2016-04-14-195246.buildd.src)
# Java VM: OpenJDK 64-Bit Server VM (9-internal+0-2016-04-14-195246.buildd.src, mixed mode, tiered, compressed oops, g1 gc, linux-amd64)
# Problematic frame:
# C  [libjava.so+0x1d009]  JNU_GetEnv+0x19
#
# Core dump will be written. Default location: Core dumps may be processed with "/usr/share/apport/apport %p %s %c %d %P" (or dumping to /mnt/00D8CD91D8CD857E/Semester_3/BITP3113/Lab1/core.4346)
#
# If you would like to submit a bug report, please visit:
#   http://bugreport.java.com/bugreport/crash.jsp
# The crash happened outside the Java Virtual Machine in native code.
# See problematic frame for where to report the bug.
#

---------------  S U M M A R Y ------------

Command Line: GuiTemperature

Host: Intel(R) Core(TM) i7-7700HQ CPU @ 2.80GHz, 8 cores, 7G, Ubuntu 18.04.1 LTS
Time: Mon Sep 24 13:09:33 2018 +08 elapsed time: 16 seconds (0d 0h 0m 16s)

---------------  T H R E A D  ---------------

Current thread (0x00007f9c8c011000):  JavaThread "main" [_thread_in_native, id=4347, stack(0x00007f9c93556000,0x00007f9c93656000)]

Stack: [0x00007f9c93556000,0x00007f9c93656000],  sp=0x00007f9c93652ee0,  free space=1011k
Native frames: (J=compiled Java code, j=interpreted, Vv=VM code, C=native code)
C  [libjava.so+0x1d009]  JNU_GetEnv+0x19
C  [libfontmanager.so+0x33f8e]
C  [libfreetype.so.6+0x10c5b]

Java frames: (J=compiled Java code, j=interpreted, Vv=VM code)
j  sun.font.FreetypeFontScaler.initNativeScaler(Lsun/font/Font2D;IIZI)J+0 java.desktop@9-internal
j  sun.font.FreetypeFontScaler.<init>(Lsun/font/Font2D;IZI)V+26 java.desktop@9-internal
v  ~StubRoutines::call_stub
j  sun.reflect.NativeConstructorAccessorImpl.newInstance0(Ljava/lang/reflect/Constructor;[Ljava/lang/Object;)Ljava/lang/Object;+0 java.base@9-internal
j  sun.reflect.NativeConstructorAccessorImpl.newInstance([Ljava/lang/Object;)Ljava/lang/Object;+85 java.base@9-internal
j  sun.reflect.DelegatingConstructorAccessorImpl.newInstance([Ljava/lang/Object;)Ljava/lang/Object;+5 java.base@9-internal
j  java.lang.reflect.Constructor.newInstance([Ljava/lang/Object;)Ljava/lang/Object;+65 java.base@9-internal
j  sun.font.FontScaler.getScaler(Lsun/font/Font2D;IZI)Lsun/font/FontScaler;+39 java.desktop@9-internal
j  sun.font.TrueTypeFont.getScaler()Lsun/font/FontScaler;+21 java.desktop@9-internal
j  sun.font.FileFontStrike.<init>(Lsun/font/FileFont;Lsun/font/FontStrikeDesc;)V+204 java.desktop@9-internal
j  sun.font.FileFont.createStrike(Lsun/font/FontStrikeDesc;)Lsun/font/FontStrike;+18 java.desktop@9-internal
j  sun.font.Font2D.getStrike(Lsun/font/FontStrikeDesc;Z)Lsun/font/FontStrike;+92 java.desktop@9-internal
j  sun.font.Font2D.getStrike(Lsun/font/FontStrikeDesc;)Lsun/font/FontStrike;+3 java.desktop@9-internal
j  sun.font.CompositeStrike.getStrikeForSlot(I)Lsun/font/PhysicalStrike;+23 java.desktop@9-internal
j  sun.font.CompositeStrike.getFontMetrics()Lsun/font/StrikeMetrics;+31 java.desktop@9-internal
j  sun.font.FontDesignMetrics.initMatrixAndMetrics()V+28 java.desktop@9-internal
j  sun.font.FontDesignMetrics.<init>(Ljava/awt/Font;Ljava/awt/font/FontRenderContext;)V+62 java.desktop@9-internal
j  sun.font.FontDesignMetrics.getMetrics(Ljava/awt/Font;Ljava/awt/font/FontRenderContext;)Lsun/font/FontDesignMetrics;+128 java.desktop@9-internal
j  sun.swing.SwingUtilities2.getFontMetrics(Ljavax/swing/JComponent;Ljava/awt/Font;)Ljava/awt/FontMetrics;+15 java.desktop@9-internal
j  javax.swing.JComponent.getFontMetrics(Ljava/awt/Font;)Ljava/awt/FontMetrics;+2 java.desktop@9-internal
j  javax.swing.plaf.basic.BasicLabelUI.getPreferredSize(Ljavax/swing/JComponent;)Ljava/awt/Dimension;+144 java.desktop@9-internal
j  javax.swing.JComponent.getPreferredSize()Ljava/awt/Dimension;+26 java.desktop@9-internal
j  java.awt.FlowLayout.layoutContainer(Ljava/awt/Container;)V+127 java.desktop@9-internal
j  java.awt.Container.layout()V+11 java.desktop@9-internal
j  java.awt.Container.doLayout()V+1 java.desktop@9-internal
j  java.awt.Container.validateTree()V+47 java.desktop@9-internal
j  java.awt.Container.validateTree()V+110 java.desktop@9-internal
j  java.awt.Container.validateTree()V+110 java.desktop@9-internal
j  java.awt.Container.validateTree()V+110 java.desktop@9-internal
j  java.awt.Container.validate()V+60 java.desktop@9-internal
j  java.awt.Container.validateUnconditionally()V+14 java.desktop@9-internal
j  java.awt.Window.show()V+12 java.desktop@9-internal
j  java.awt.Component.show(Z)V+5 java.desktop@9-internal
j  java.awt.Component.setVisible(Z)V+2 java.desktop@9-internal
j  java.awt.Window.setVisible(Z)V+2 java.desktop@9-internal
j  GuiTemperature.init()V+131
j  GuiTemperature.<init>()V+5
j  GuiTemperature.main([Ljava/lang/String;)V+4
v  ~StubRoutines::call_stub

siginfo: si_signo: 11 (SIGSEGV), si_code: 1 (SEGV_MAPERR), si_addr: 0x0000000000000000

Register to memory mapping:

RAX=0x0000000000000000 is an unknown value
RBX=0x0000000000000000 is an unknown value
RCX=0x0000000000000000 is an unknown value
RDX=0x0000000000010002 is an unknown value
RSP=0x00007f9c93652ee0 is pointing into the stack for thread: 0x00007f9c8c011000
RBP=0x00007f9c93652ef0 is pointing into the stack for thread: 0x00007f9c8c011000
RSI=0x0000000000010002 is an unknown value
RDI=0x0000000000000000 is an unknown value
R8 =0x0000000000000000 is an unknown value
R9 =0x0000000000000000 is an unknown value
R10=0x0000000000000019 is an unknown value
R11=0x00007f9c9071fff0: JNU_GetEnv+0x0000000000000000 in /usr/lib/jvm/java-9-openjdk-amd64/lib/amd64/libjava.so at 0x00007f9c90703000
R12=0x00007f9c8c1e3300 is an unknown value
R13=0x0000000000000000 is an unknown value
R14=0x0000000000000000 is an unknown value
R15=0x00007f9c1866d860: <offset 0x00000000002b0860> in /usr/lib/x86_64-linux-gnu/libfreetype.so.6 at 0x00007f9c183bd000


Registers:
RAX=0x0000000000000000, RBX=0x0000000000000000, RCX=0x0000000000000000, RDX=0x0000000000010002
RSP=0x00007f9c93652ee0, RBP=0x00007f9c93652ef0, RSI=0x0000000000010002, RDI=0x0000000000000000
R8 =0x0000000000000000, R9 =0x0000000000000000, R10=0x0000000000000019, R11=0x00007f9c9071fff0
R12=0x00007f9c8c1e3300, R13=0x0000000000000000, R14=0x0000000000000000, R15=0x00007f9c1866d860
RIP=0x00007f9c90720009, EFLAGS=0x0000000000010246, CSGSFS=0x002b000000000033, ERR=0x0000000000000004
  TRAPNO=0x000000000000000e

Top of Stack: (sp=0x00007f9c93652ee0)
0x00007f9c93652ee0:   0000000000000000 2bfaa19423499d00
0x00007f9c93652ef0:   00007f9c93652f30 00007f9c186a4f8e
0x00007f9c93652f00:   0000000000000002 00007f9c8c1e3300
0x00007f9c93652f10:   0000000000000000 0000000000000000
0x00007f9c93652f20:   000000000000000b 00007f9c1866d860
0x00007f9c93652f30:   0000000000000000 00007f9c183cdc5b
0x00007f9c93652f40:   0000000000000000 00007f9c8c3673e0
0x00007f9c93652f50:   00007f9c8c1e3300 00007f9c183e4117
0x00007f9c93652f60:   0000000000000000 000000008c000b78
0x00007f9c93652f70:   0000000000000590 ffffffffffffffb0
0x00007f9c93652f80:   0000000000000015 0000004500000057
0x00007f9c93652f90:   0000000000000002 0000000000000000
0x00007f9c93652fa0:   0000000000000000 000000770000007c
0x00007f9c93652fb0:   0000005d0000006e 00007f9c8c0004b0
0x00007f9c93652fc0:   0000000000000001 0000000000000568
0x00007f9c93652fd0:   00007f9c8c000020 00007f9c93653158
0x00007f9c93652fe0:   00007f9c8c29ff40 00007f9c93653360
0x00007f9c93652ff0:   00007f9c93653094 00007f9c92ee92ed
0x00007f9c93653000:   00007f9c8c0111d8 0000000000000050
0x00007f9c93653010:   00007f9c8c000020 00007f9c93653044
0x00007f9c93653020:   00007f9c93653094 2bfaa19423499d00
0x00007f9c93653030:   0000000000000088 00007f9c8c8b7520
0x00007f9c93653040:   00007f9c18669b40 00007f9c93653158
0x00007f9c93653050:   00007f9c8c29ff40 00007f9c8c3673e0
0x00007f9c93653060:   00007f9c8c3a1ff0 00007f9c183d0628
0x00007f9c93653070:   00007f9c93653160 0000000000000001
0x00007f9c93653080:   0000000000000000 0000000000000000
0x00007f9c93653090:   000000008c8b7520 2bfaa19423499d00
0x00007f9c936530a0:   0000000000000000 00007f9c8c3c2528
0x00007f9c936530b0:   00007f9c8c3c25c8 0000000000000001
0x00007f9c936530c0:   00007f9c8c29ff40 00007f9c93653360
0x00007f9c936530d0:   0000000000000000 00007f9c183d2ab4 

Instructions: (pc=0x00007f9c90720009)
0x00007f9c9071ffe9:   ff eb ea 0f 1f 40 00 55 89 f2 48 89 e5 48 83 ec
0x00007f9c9071fff9:   10 64 48 8b 04 25 28 00 00 00 48 89 45 f8 31 c0
0x00007f9c90720009:   48 8b 07 48 8d 75 f0 ff 50 30 48 8b 4d f8 64 48
0x00007f9c90720019:   33 0c 25 28 00 00 00 48 8b 45 f0 75 02 c9 c3 e8 


---------------  P R O C E S S  ---------------

Java Threads: ( => current thread )
  0x00007f9bd4003000 JavaThread "SeedGenerator Thread" daemon [_thread_blocked, id=4425, stack(0x00007f9bf02ea000,0x00007f9bf03eb000)]
  0x00007f9c8c1ab000 JavaThread "SeedGenerator Thread" daemon [_thread_in_Java, id=4391, stack(0x00007f9bf04ec000,0x00007f9bf05ed000)]
  0x00007f9c8c366800 JavaThread "AWT-Shutdown" [_thread_blocked, id=4389, stack(0x00007f9bf07ed000,0x00007f9bf08ee000)]
  0x00007f9c8c32b000 JavaThread "AWT-XAWT" daemon [_thread_in_native, id=4386, stack(0x00007f9bf0aee000,0x00007f9bf0bef000)]
  0x00007f9c8c305800 JavaThread "Java2D Disposer" daemon [_thread_blocked, id=4384, stack(0x00007f9c1808a000,0x00007f9c1818b000)]
  0x00007f9c8c260000 JavaThread "Service Thread" daemon [_thread_blocked, id=4379, stack(0x00007f9c1a319000,0x00007f9c1a41a000)]
  0x00007f9c8c1c2800 JavaThread "Common-Cleaner" daemon [_thread_blocked, id=4378, stack(0x00007f9c1a41a000,0x00007f9c1a51b000)]
  0x00007f9c8c1a2800 JavaThread "Sweeper thread" daemon [_thread_blocked, id=4377, stack(0x00007f9c1a945000,0x00007f9c1aa46000)]
  0x00007f9c8c198800 JavaThread "C1 CompilerThread3" daemon [_thread_blocked, id=4376, stack(0x00007f9c1aa47000,0x00007f9c1ab47000)]
  0x00007f9c8c196800 JavaThread "C2 CompilerThread2" daemon [_thread_blocked, id=4375, stack(0x00007f9c1ab48000,0x00007f9c1ac48000)]
  0x00007f9c8c194800 JavaThread "C2 CompilerThread1" daemon [_thread_blocked, id=4374, stack(0x00007f9c1ac49000,0x00007f9c1ad49000)]
  0x00007f9c8c192800 JavaThread "C2 CompilerThread0" daemon [_thread_blocked, id=4373, stack(0x00007f9c1ad4a000,0x00007f9c1ae4a000)]
  0x00007f9c8c18e800 JavaThread "Signal Dispatcher" daemon [_thread_blocked, id=4372, stack(0x00007f9c1ae4a000,0x00007f9c1af4b000)]
  0x00007f9c8c18c800 JavaThread "Surrogate Locker Thread (Concurrent GC)" daemon [_thread_blocked, id=4371, stack(0x00007f9c1af4b000,0x00007f9c1b04c000)]
  0x00007f9c8c17a000 JavaThread "Finalizer" daemon [_thread_blocked, id=4370, stack(0x00007f9c1b32b000,0x00007f9c1b42c000)]
  0x00007f9c8c176000 JavaThread "Reference Handler" daemon [_thread_blocked, id=4369, stack(0x00007f9c1b42c000,0x00007f9c1b52d000)]
=>0x00007f9c8c011000 JavaThread "main" [_thread_in_native, id=4347, stack(0x00007f9c93556000,0x00007f9c93656000)]

Other Threads:
  0x00007f9c8c16c000 VMThread [stack: 0x00007f9c1b52e000,0x00007f9c1b62e000] [id=4368]
  0x00007f9c8c263000 WatcherThread [stack: 0x00007f9c1a219000,0x00007f9c1a319000] [id=4380]

Threads with active compile tasks:

VM state:not at safepoint (normal execution)

VM Mutex/Monitor currently owned by a thread: None

heap address: 0x0000000084a00000, size: 1974 MB, Compressed Oops mode: 32-bit
Narrow klass base: 0x0000000000000000, Narrow klass shift: 3
Compressed class space size: 1073741824 Address: 0x0000000100000000

Heap:
 garbage-first heap   total 126976K, used 7168K [0x0000000084a00000, 0x0000000084b003e0, 0x0000000100000000)
  region size 1024K, 8 young (8192K), 0 survivors (0K)
 Metaspace       used 12328K, capacity 12680K, committed 12928K, reserved 1060864K
  class space    used 1403K, capacity 1541K, committed 1664K, reserved 1048576K

Heap Regions: E=young(eden), S=young(survivor), O=old, HS=humongous(starts), HC=humongous(continues), CS=collection set, F=free, A=archive, TS=gc time stamp, AC=allocation context, TAMS=top-at-mark-start (previous, next)
|   0|0x0000000084a00000, 0x0000000084a00000, 0x0000000084b00000|  0%| F|  |TS  0|AC  0|TAMS 0x0000000084a00000, 0x0000000084a00000|
|   1|0x0000000084b00000, 0x0000000084b00000, 0x0000000084c00000|  0%| F|  |TS  0|AC  0|TAMS 0x0000000084b00000, 0x0000000084b00000|
|   2|0x0000000084c00000, 0x0000000084c00000, 0x0000000084d00000|  0%| F|  |TS  0|AC  0|TAMS 0x0000000084c00000, 0x0000000084c00000|
|   3|0x0000000084d00000, 0x0000000084d00000, 0x0000000084e00000|  0%| F|  |TS  0|AC  0|TAMS 0x0000000084d00000, 0x0000000084d00000|
|   4|0x0000000084e00000, 0x0000000084e00000, 0x0000000084f00000|  0%| F|  |TS  0|AC  0|TAMS 0x0000000084e00000, 0x0000000084e00000|
|   5|0x0000000084f00000, 0x0000000084f00000, 0x0000000085000000|  0%| F|  |TS  0|AC  0|TAMS 0x0000000084f00000, 0x0000000084f00000|
|   6|0x0000000085000000, 0x0000000085000000, 0x0000000085100000|  0%| F|  |TS  0|AC  0|TAMS 0x0000000085000000, 0x0000000085000000|
|   7|0x0000000085100000, 0x0000000085100000, 0x0000000085200000|  0%| F|  |TS  0|AC  0|TAMS 0x0000000085100000, 0x0000000085100000|
|   8|0x0000000085200000, 0x0000000085200000, 0x0000000085300000|  0%| F|  |TS  0|AC  0|TAMS 0x0000000085200000, 0x0000000085200000|
|   9|0x0000000085300000, 0x0000000085300000, 0x0000000085400000|  0%| F|  |TS  0|AC  0|TAMS 0x0000000085300000, 0x0000000085300000|
|  10|0x0000000085400000, 0x0000000085400000, 0x0000000085500000|  0%| F|  |TS  0|AC  0|TAMS 0x0000000085400000, 0x0000000085400000|
|  11|0x0000000085500000, 0x0000000085500000, 0x0000000085600000|  0%| F|  |TS  0|AC  0|TAMS 0x0000000085500000, 0x0000000085500000|
|  12|0x0000000085600000, 0x0000000085600000, 0x0000000085700000|  0%| F|  |TS  0|AC  0|TAMS 0x0000000085600000, 0x0000000085600000|
|  13|0x0000000085700000, 0x0000000085700000, 0x0000000085800000|  0%| F|  |TS  0|AC  0|TAMS 0x0000000085700000, 0x0000000085700000|
|  14|0x0000000085800000, 0x0000000085800000, 0x0000000085900000|  0%| F|  |TS  0|AC  0|TAMS 0x0000000085800000, 0x0000000085800000|
|  15|0x0000000085900000, 0x0000000085900000, 0x0000000085a00000|  0%| F|  |TS  0|AC  0|TAMS 0x0000000085900000, 0x0000000085900000|
|  16|0x0000000085a00000, 0x0000000085a00000, 0x0000000085b00000|  0%| F|  |TS  0|AC  0|TAMS 0x0000000085a00000, 0x0000000085a00000|
|  17|0x0000000085b00000, 0x0000000085b00000, 0x0000000085c00000|  0%| F|  |TS  0|AC  0|TAMS 0x0000000085b00000, 0x0000000085b00000|
|  18|0x0000000085c00000, 0x0000000085c00000, 0x0000000085d00000|  0%| F|  |TS  0|AC  0|TAMS 0x0000000085c00000, 0x0000000085c00000|
|  19|0x0000000085d00000, 0x0000000085d00000, 0x0000000085e00000|  0%| F|  |TS  0|AC  0|TAMS 0x0000000085d00000, 0x0000000085d00000|
|  20|0x0000000085e00000, 0x0000000085e00000, 0x0000000085f00000|  0%| F|  |TS  0|AC  0|TAMS 0x0000000085e00000, 0x0000000085e00000|
|  21|0x0000000085f00000, 0x0000000085f00000, 0x0000000086000000|  0%| F|  |TS  0|AC  0|TAMS 0x0000000085f00000, 0x0000000085f00000|
|  22|0x0000000086000000, 0x0000000086000000, 0x0000000086100000|  0%| F|  |TS  0|AC  0|TAMS 0x0000000086000000, 0x0000000086000000|
|  23|0x0000000086100000, 0x0000000086100000, 0x0000000086200000|  0%| F|  |TS  0|AC  0|TAMS 0x0000000086100000, 0x0000000086100000|
|  24|0x0000000086200000, 0x0000000086200000, 0x0000000086300000|  0%| F|  |TS  0|AC  0|TAMS 0x0000000086200000, 0x0000000086200000|
|  25|0x0000000086300000, 0x0000000086300000, 0x0000000086400000|  0%| F|  |TS  0|AC  0|TAMS 0x0000000086300000, 0x0000000086300000|
|  26|0x0000000086400000, 0x0000000086400000, 0x0000000086500000|  0%| F|  |TS  0|AC  0|TAMS 0x0000000086400000, 0x0000000086400000|
|  27|0x0000000086500000, 0x0000000086500000, 0x0000000086600000|  0%| F|  |TS  0|AC  0|TAMS 0x0000000086500000, 0x0000000086500000|
|  28|0x0000000086600000, 0x0000000086600000, 0x0000000086700000|  0%| F|  |TS  0|AC  0|TAMS 0x0000000086600000, 0x0000000086600000|
|  29|0x0000000086700000, 0x0000000086700000, 0x0000000086800000|  0%| F|  |TS  0|AC  0|TAMS 0x0000000086700000, 0x0000000086700000|
|  30|0x0000000086800000, 0x0000000086800000, 0x0000000086900000|  0%| F|  |TS  0|AC  0|TAMS 0x0000000086800000, 0x0000000086800000|
|  31|0x0000000086900000, 0x0000000086900000, 0x0000000086a00000|  0%| F|  |TS  0|AC  0|TAMS 0x0000000086900000, 0x0000000086900000|
|  32|0x0000000086a00000, 0x0000000086a00000, 0x0000000086b00000|  0%| F|  |TS  0|AC  0|TAMS 0x0000000086a00000, 0x0000000086a00000|
|  33|0x0000000086b00000, 0x0000000086b00000, 0x0000000086c00000|  0%| F|  |TS  0|AC  0|TAMS 0x0000000086b00000, 0x0000000086b00000|
|  34|0x0000000086c00000, 0x0000000086c00000, 0x0000000086d00000|  0%| F|  |TS  0|AC  0|TAMS 0x0000000086c00000, 0x0000000086c00000|
|  35|0x0000000086d00000, 0x0000000086d00000, 0x0000000086e00000|  0%| F|  |TS  0|AC  0|TAMS 0x0000000086d00000, 0x0000000086d00000|
|  36|0x0000000086e00000, 0x0000000086e00000, 0x0000000086f00000|  0%| F|  |TS  0|AC  0|TAMS 0x0000000086e00000, 0x0000000086e00000|
|  37|0x0000000086f00000, 0x0000000086f00000, 0x0000000087000000|  0%| F|  |TS  0|AC  0|TAMS 0x0000000086f00000, 0x0000000086f00000|
|  38|0x0000000087000000, 0x0000000087000000, 0x0000000087100000|  0%| F|  |TS  0|AC  0|TAMS 0x0000000087000000, 0x0000000087000000|
|  39|0x0000000087100000, 0x0000000087100000, 0x0000000087200000|  0%| F|  |TS  0|AC  0|TAMS 0x0000000087100000, 0x0000000087100000|
|  40|0x0000000087200000, 0x0000000087200000, 0x0000000087300000|  0%| F|  |TS  0|AC  0|TAMS 0x0000000087200000, 0x0000000087200000|
|  41|0x0000000087300000, 0x0000000087300000, 0x0000000087400000|  0%| F|  |TS  0|AC  0|TAMS 0x0000000087300000, 0x0000000087300000|
|  42|0x0000000087400000, 0x0000000087400000, 0x0000000087500000|  0%| F|  |TS  0|AC  0|TAMS 0x0000000087400000, 0x0000000087400000|
|  43|0x0000000087500000, 0x0000000087500000, 0x0000000087600000|  0%| F|  |TS  0|AC  0|TAMS 0x0000000087500000, 0x0000000087500000|
|  44|0x0000000087600000, 0x0000000087600000, 0x0000000087700000|  0%| F|  |TS  0|AC  0|TAMS 0x0000000087600000, 0x0000000087600000|
|  45|0x0000000087700000, 0x0000000087700000, 0x0000000087800000|  0%| F|  |TS  0|AC  0|TAMS 0x0000000087700000, 0x0000000087700000|
|  46|0x0000000087800000, 0x0000000087800000, 0x0000000087900000|  0%| F|  |TS  0|AC  0|TAMS 0x0000000087800000, 0x0000000087800000|
|  47|0x0000000087900000, 0x0000000087900000, 0x0000000087a00000|  0%| F|  |TS  0|AC  0|TAMS 0x0000000087900000, 0x0000000087900000|
|  48|0x0000000087a00000, 0x0000000087a00000, 0x0000000087b00000|  0%| F|  |TS  0|AC  0|TAMS 0x0000000087a00000, 0x0000000087a00000|
|  49|0x0000000087b00000, 0x0000000087b00000, 0x0000000087c00000|  0%| F|  |TS  0|AC  0|TAMS 0x0000000087b00000, 0x0000000087b00000|
|  50|0x0000000087c00000, 0x0000000087c00000, 0x0000000087d00000|  0%| F|  |TS  0|AC  0|TAMS 0x0000000087c00000, 0x0000000087c00000|
|  51|0x0000000087d00000, 0x0000000087d00000, 0x0000000087e00000|  0%| F|  |TS  0|AC  0|TAMS 0x0000000087d00000, 0x0000000087d00000|
|  52|0x0000000087e00000, 0x0000000087e00000, 0x0000000087f00000|  0%| F|  |TS  0|AC  0|TAMS 0x0000000087e00000, 0x0000000087e00000|
|  53|0x0000000087f00000, 0x0000000087f00000, 0x0000000088000000|  0%| F|  |TS  0|AC  0|TAMS 0x0000000087f00000, 0x0000000087f00000|
|  54|0x0000000088000000, 0x0000000088000000, 0x0000000088100000|  0%| F|  |TS  0|AC  0|TAMS 0x0000000088000000, 0x0000000088000000|
|  55|0x0000000088100000, 0x0000000088100000, 0x0000000088200000|  0%| F|  |TS  0|AC  0|TAMS 0x0000000088100000, 0x0000000088100000|
|  56|0x0000000088200000, 0x0000000088200000, 0x0000000088300000|  0%| F|  |TS  0|AC  0|TAMS 0x0000000088200000, 0x0000000088200000|
|  57|0x0000000088300000, 0x0000000088300000, 0x0000000088400000|  0%| F|  |TS  0|AC  0|TAMS 0x0000000088300000, 0x0000000088300000|
|  58|0x0000000088400000, 0x0000000088400000, 0x0000000088500000|  0%| F|  |TS  0|AC  0|TAMS 0x0000000088400000, 0x0000000088400000|
|  59|0x0000000088500000, 0x0000000088500000, 0x0000000088600000|  0%| F|  |TS  0|AC  0|TAMS 0x0000000088500000, 0x0000000088500000|
|  60|0x0000000088600000, 0x0000000088600000, 0x0000000088700000|  0%| F|  |TS  0|AC  0|TAMS 0x0000000088600000, 0x0000000088600000|
|  61|0x0000000088700000, 0x0000000088700000, 0x0000000088800000|  0%| F|  |TS  0|AC  0|TAMS 0x0000000088700000, 0x0000000088700000|
|  62|0x0000000088800000, 0x0000000088800000, 0x0000000088900000|  0%| F|  |TS  0|AC  0|TAMS 0x0000000088800000, 0x0000000088800000|
|  63|0x0000000088900000, 0x0000000088900000, 0x0000000088a00000|  0%| F|  |TS  0|AC  0|TAMS 0x0000000088900000, 0x0000000088900000|
|  64|0x0000000088a00000, 0x0000000088a00000, 0x0000000088b00000|  0%| F|  |TS  0|AC  0|TAMS 0x0000000088a00000, 0x0000000088a00000|
|  65|0x0000000088b00000, 0x0000000088b00000, 0x0000000088c00000|  0%| F|  |TS  0|AC  0|TAMS 0x0000000088b00000, 0x0000000088b00000|
|  66|0x0000000088c00000, 0x0000000088c00000, 0x0000000088d00000|  0%| F|  |TS  0|AC  0|TAMS 0x0000000088c00000, 0x0000000088c00000|
|  67|0x0000000088d00000, 0x0000000088d00000, 0x0000000088e00000|  0%| F|  |TS  0|AC  0|TAMS 0x0000000088d00000, 0x0000000088d00000|
|  68|0x0000000088e00000, 0x0000000088e00000, 0x0000000088f00000|  0%| F|  |TS  0|AC  0|TAMS 0x0000000088e00000, 0x0000000088e00000|
|  69|0x0000000088f00000, 0x0000000088f00000, 0x0000000089000000|  0%| F|  |TS  0|AC  0|TAMS 0x0000000088f00000, 0x0000000088f00000|
|  70|0x0000000089000000, 0x0000000089000000, 0x0000000089100000|  0%| F|  |TS  0|AC  0|TAMS 0x0000000089000000, 0x0000000089000000|
|  71|0x0000000089100000, 0x0000000089100000, 0x0000000089200000|  0%| F|  |TS  0|AC  0|TAMS 0x0000000089100000, 0x0000000089100000|
|  72|0x0000000089200000, 0x0000000089200000, 0x0000000089300000|  0%| F|  |TS  0|AC  0|TAMS 0x0000000089200000, 0x0000000089200000|
|  73|0x0000000089300000, 0x0000000089300000, 0x0000000089400000|  0%| F|  |TS  0|AC  0|TAMS 0x0000000089300000, 0x0000000089300000|
|  74|0x0000000089400000, 0x0000000089400000, 0x0000000089500000|  0%| F|  |TS  0|AC  0|TAMS 0x0000000089400000, 0x0000000089400000|
|  75|0x0000000089500000, 0x0000000089500000, 0x0000000089600000|  0%| F|  |TS  0|AC  0|TAMS 0x0000000089500000, 0x0000000089500000|
|  76|0x0000000089600000, 0x0000000089600000, 0x0000000089700000|  0%| F|  |TS  0|AC  0|TAMS 0x0000000089600000, 0x0000000089600000|
|  77|0x0000000089700000, 0x0000000089700000, 0x0000000089800000|  0%| F|  |TS  0|AC  0|TAMS 0x0000000089700000, 0x0000000089700000|
|  78|0x0000000089800000, 0x0000000089800000, 0x0000000089900000|  0%| F|  |TS  0|AC  0|TAMS 0x0000000089800000, 0x0000000089800000|
|  79|0x0000000089900000, 0x0000000089900000, 0x0000000089a00000|  0%| F|  |TS  0|AC  0|TAMS 0x0000000089900000, 0x0000000089900000|
|  80|0x0000000089a00000, 0x0000000089a00000, 0x0000000089b00000|  0%| F|  |TS  0|AC  0|TAMS 0x0000000089a00000, 0x0000000089a00000|
|  81|0x0000000089b00000, 0x0000000089b00000, 0x0000000089c00000|  0%| F|  |TS  0|AC  0|TAMS 0x0000000089b00000, 0x0000000089b00000|
|  82|0x0000000089c00000, 0x0000000089c00000, 0x0000000089d00000|  0%| F|  |TS  0|AC  0|TAMS 0x0000000089c00000, 0x0000000089c00000|
|  83|0x0000000089d00000, 0x0000000089d00000, 0x0000000089e00000|  0%| F|  |TS  0|AC  0|TAMS 0x0000000089d00000, 0x0000000089d00000|
|  84|0x0000000089e00000, 0x0000000089e00000, 0x0000000089f00000|  0%| F|  |TS  0|AC  0|TAMS 0x0000000089e00000, 0x0000000089e00000|
|  85|0x0000000089f00000, 0x0000000089f00000, 0x000000008a000000|  0%| F|  |TS  0|AC  0|TAMS 0x0000000089f00000, 0x0000000089f00000|
|  86|0x000000008a000000, 0x000000008a000000, 0x000000008a100000|  0%| F|  |TS  0|AC  0|TAMS 0x000000008a000000, 0x000000008a000000|
|  87|0x000000008a100000, 0x000000008a100000, 0x000000008a200000|  0%| F|  |TS  0|AC  0|TAMS 0x000000008a100000, 0x000000008a100000|
|  88|0x000000008a200000, 0x000000008a200000, 0x000000008a300000|  0%| F|  |TS  0|AC  0|TAMS 0x000000008a200000, 0x000000008a200000|
|  89|0x000000008a300000, 0x000000008a300000, 0x000000008a400000|  0%| F|  |TS  0|AC  0|TAMS 0x000000008a300000, 0x000000008a300000|
|  90|0x000000008a400000, 0x000000008a400000, 0x000000008a500000|  0%| F|  |TS  0|AC  0|TAMS 0x000000008a400000, 0x000000008a400000|
|  91|0x000000008a500000, 0x000000008a500000, 0x000000008a600000|  0%| F|  |TS  0|AC  0|TAMS 0x000000008a500000, 0x000000008a500000|
|  92|0x000000008a600000, 0x000000008a600000, 0x000000008a700000|  0%| F|  |TS  0|AC  0|TAMS 0x000000008a600000, 0x000000008a600000|
|  93|0x000000008a700000, 0x000000008a700000, 0x000000008a800000|  0%| F|  |TS  0|AC  0|TAMS 0x000000008a700000, 0x000000008a700000|
|  94|0x000000008a800000, 0x000000008a800000, 0x000000008a900000|  0%| F|  |TS  0|AC  0|TAMS 0x000000008a800000, 0x000000008a800000|
|  95|0x000000008a900000, 0x000000008a900000, 0x000000008aa00000|  0%| F|  |TS  0|AC  0|TAMS 0x000000008a900000, 0x000000008a900000|
|  96|0x000000008aa00000, 0x000000008aa00000, 0x000000008ab00000|  0%| F|  |TS  0|AC  0|TAMS 0x000000008aa00000, 0x000000008aa00000|
|  97|0x000000008ab00000, 0x000000008ab00000, 0x000000008ac00000|  0%| F|  |TS  0|AC  0|TAMS 0x000000008ab00000, 0x000000008ab00000|
|  98|0x000000008ac00000, 0x000000008ac00000, 0x000000008ad00000|  0%| F|  |TS  0|AC  0|TAMS 0x000000008ac00000, 0x000000008ac00000|
|  99|0x000000008ad00000, 0x000000008ad00000, 0x000000008ae00000|  0%| F|  |TS  0|AC  0|TAMS 0x000000008ad00000, 0x000000008ad00000|
| 100|0x000000008ae00000, 0x000000008ae00000, 0x000000008af00000|  0%| F|  |TS  0|AC  0|TAMS 0x000000008ae00000, 0x000000008ae00000|
| 101|0x000000008af00000, 0x000000008af00000, 0x000000008b000000|  0%| F|  |TS  0|AC  0|TAMS 0x000000008af00000, 0x000000008af00000|
| 102|0x000000008b000000, 0x000000008b000000, 0x000000008b100000|  0%| F|  |TS  0|AC  0|TAMS 0x000000008b000000, 0x000000008b000000|
| 103|0x000000008b100000, 0x000000008b100000, 0x000000008b200000|  0%| F|  |TS  0|AC  0|TAMS 0x000000008b100000, 0x000000008b100000|
| 104|0x000000008b200000, 0x000000008b200000, 0x000000008b300000|  0%| F|  |TS  0|AC  0|TAMS 0x000000008b200000, 0x000000008b200000|
| 105|0x000000008b300000, 0x000000008b300000, 0x000000008b400000|  0%| F|  |TS  0|AC  0|TAMS 0x000000008b300000, 0x000000008b300000|
| 106|0x000000008b400000, 0x000000008b400000, 0x000000008b500000|  0%| F|  |TS  0|AC  0|TAMS 0x000000008b400000, 0x000000008b400000|
| 107|0x000000008b500000, 0x000000008b500000, 0x000000008b600000|  0%| F|  |TS  0|AC  0|TAMS 0x000000008b500000, 0x000000008b500000|
| 108|0x000000008b600000, 0x000000008b600000, 0x000000008b700000|  0%| F|  |TS  0|AC  0|TAMS 0x000000008b600000, 0x000000008b600000|
| 109|0x000000008b700000, 0x000000008b700000, 0x000000008b800000|  0%| F|  |TS  0|AC  0|TAMS 0x000000008b700000, 0x000000008b700000|
| 110|0x000000008b800000, 0x000000008b800000, 0x000000008b900000|  0%| F|  |TS  0|AC  0|TAMS 0x000000008b800000, 0x000000008b800000|
| 111|0x000000008b900000, 0x000000008b900000, 0x000000008ba00000|  0%| F|  |TS  0|AC  0|TAMS 0x000000008b900000, 0x000000008b900000|
| 112|0x000000008ba00000, 0x000000008ba00000, 0x000000008bb00000|  0%| F|  |TS  0|AC  0|TAMS 0x000000008ba00000, 0x000000008ba00000|
| 113|0x000000008bb00000, 0x000000008bb00000, 0x000000008bc00000|  0%| F|  |TS  0|AC  0|TAMS 0x000000008bb00000, 0x000000008bb00000|
| 114|0x000000008bc00000, 0x000000008bc00000, 0x000000008bd00000|  0%| F|  |TS  0|AC  0|TAMS 0x000000008bc00000, 0x000000008bc00000|
| 115|0x000000008bd00000, 0x000000008bd00000, 0x000000008be00000|  0%| F|  |TS  0|AC  0|TAMS 0x000000008bd00000, 0x000000008bd00000|
| 116|0x000000008be00000, 0x000000008be7b698, 0x000000008bf00000| 48%| E|  |TS  0|AC  0|TAMS 0x000000008be00000, 0x000000008be00000|
| 117|0x000000008bf00000, 0x000000008c000000, 0x000000008c000000|100%| E|CS|TS  0|AC  0|TAMS 0x000000008bf00000, 0x000000008bf00000|
| 118|0x000000008c000000, 0x000000008c100000, 0x000000008c100000|100%| E|CS|TS  0|AC  0|TAMS 0x000000008c000000, 0x000000008c000000|
| 119|0x000000008c100000, 0x000000008c200000, 0x000000008c200000|100%| E|CS|TS  0|AC  0|TAMS 0x000000008c100000, 0x000000008c100000|
| 120|0x000000008c200000, 0x000000008c300000, 0x000000008c300000|100%| E|CS|TS  0|AC  0|TAMS 0x000000008c200000, 0x000000008c200000|
| 121|0x000000008c300000, 0x000000008c400000, 0x000000008c400000|100%| E|CS|TS  0|AC  0|TAMS 0x000000008c300000, 0x000000008c300000|
| 122|0x000000008c400000, 0x000000008c500000, 0x000000008c500000|100%| E|CS|TS  0|AC  0|TAMS 0x000000008c400000, 0x000000008c400000|
| 123|0x000000008c500000, 0x000000008c600000, 0x000000008c600000|100%| E|CS|TS  0|AC  0|TAMS 0x000000008c500000, 0x000000008c500000|

Card table byte_map: [0x00007f9c46f6a000,0x00007f9c47345000] byte_map_base: 0x00007f9c46b45000

Marking Bits (Prev, Next): (CMBitMap*) 0x00007f9c8c07ea50, (CMBitMap*) 0x00007f9c8c07eaa8
 Prev Bits: [0x00007f9c44cb7000, 0x00007f9c46b8f000)
 Next Bits: [0x00007f9c2a128000, 0x00007f9c2c000000)

Polling page: 0x00007f9c93676000

CodeHeap 'non-nmethods': size=5700Kb used=1263Kb max_used=1283Kb free=4436Kb
 bounds [0x00007f9c75631000, 0x00007f9c758a1000, 0x00007f9c75bc2000]
CodeHeap 'profiled nmethods': size=120028Kb used=1071Kb max_used=1071Kb free=118957Kb
 bounds [0x00007f9c75bc2000, 0x00007f9c75e32000, 0x00007f9c7d0f9000]
CodeHeap 'non-profiled nmethods': size=120032Kb used=205Kb max_used=205Kb free=119826Kb
 bounds [0x00007f9c7d0f9000, 0x00007f9c7d369000, 0x00007f9c84631000]
 total_blobs=1324 nmethods=640 adapters=447
 compilation: enabled

Compilation events (10 events):
Event: 16.432 Thread 0x00007f9c8c198800  637       3       java.nio.Buffer::nextGetIndex (31 bytes)
Event: 16.432 Thread 0x00007f9c8c198800 nmethod 637 0x00007f9c75ccd010 code [0x00007f9c75ccd1a0, 0x00007f9c75ccd3a8]
Event: 16.432 Thread 0x00007f9c8c198800  638       3       java.nio.HeapByteBuffer::_get (7 bytes)
Event: 16.432 Thread 0x00007f9c8c198800 nmethod 638 0x00007f9c75ccd490 code [0x00007f9c75ccd600, 0x00007f9c75ccd770]
Event: 16.432 Thread 0x00007f9c8c198800  639       1       java.nio.Buffer::position (5 bytes)
Event: 16.432 Thread 0x00007f9c8c198800 nmethod 639 0x00007f9c7d12bf10 code [0x00007f9c7d12c080, 0x00007f9c7d12c190]
Event: 16.453 Thread 0x00007f9c8c198800  641       3       java.nio.DirectByteBuffer::ix (10 bytes)
Event: 16.453 Thread 0x00007f9c8c198800 nmethod 641 0x00007f9c75ccd890 code [0x00007f9c75ccda00, 0x00007f9c75ccdb50]
Event: 16.453 Thread 0x00007f9c8c198800  640       1       java.nio.Buffer::limit (5 bytes)
Event: 16.453 Thread 0x00007f9c8c198800 nmethod 640 0x00007f9c7d12c210 code [0x00007f9c7d12c380, 0x00007f9c7d12c490]

GC Heap History (0 events):
No events

Deoptimization events (10 events):
Event: 7.420 Thread 0x00007f9c8c011000 Uncommon trap: reason=class_check action=maybe_recompile pc=0x00007f9c7d1023c4 method=java.util.HashMap.putVal(ILjava/lang/Object;Ljava/lang/Object;ZZ)Ljava/lang/Object; @ 253
Event: 7.485 Thread 0x00007f9c8c011000 Uncommon trap: reason=class_check action=maybe_recompile pc=0x00007f9c7d1023c4 method=java.util.HashMap.putVal(ILjava/lang/Object;Ljava/lang/Object;ZZ)Ljava/lang/Object; @ 253
Event: 7.526 Thread 0x00007f9c8c011000 Uncommon trap: reason=class_check action=maybe_recompile pc=0x00007f9c7d1023c4 method=java.util.HashMap.putVal(ILjava/lang/Object;Ljava/lang/Object;ZZ)Ljava/lang/Object; @ 253
Event: 7.614 Thread 0x00007f9c8c011000 Uncommon trap: reason=unstable_fused_if action=reinterpret pc=0x00007f9c7d10f374 method=jdk.internal.org.objectweb.asm.ByteVector.putUTF8(Ljava/lang/String;)Ljdk/internal/org/objectweb/asm/ByteVector; @ 91
Event: 10.501 Thread 0x00007f9c8c011000 Uncommon trap: reason=bimorphic_or_optimized_type_check action=maybe_recompile pc=0x00007f9c7d11fb48 method=java.util.HashMap.putVal(ILjava/lang/Object;Ljava/lang/Object;ZZ)Ljava/lang/Object; @ 253
Event: 10.501 Thread 0x00007f9c8c011000 Uncommon trap: reason=bimorphic_or_optimized_type_check action=maybe_recompile pc=0x00007f9c7d11fb48 method=java.util.HashMap.putVal(ILjava/lang/Object;Ljava/lang/Object;ZZ)Ljava/lang/Object; @ 253
Event: 10.501 Thread 0x00007f9c8c011000 Uncommon trap: reason=bimorphic_or_optimized_type_check action=maybe_recompile pc=0x00007f9c7d11fb48 method=java.util.HashMap.putVal(ILjava/lang/Object;Ljava/lang/Object;ZZ)Ljava/lang/Object; @ 253
Event: 10.501 Thread 0x00007f9c8c011000 Uncommon trap: reason=bimorphic_or_optimized_type_check action=maybe_recompile pc=0x00007f9c7d11fb48 method=java.util.HashMap.putVal(ILjava/lang/Object;Ljava/lang/Object;ZZ)Ljava/lang/Object; @ 253
Event: 11.446 Thread 0x00007f9c8c1ab000 Uncommon trap: reason=unstable_if action=reinterpret pc=0x00007f9c7d123440 method=sun.security.provider.SeedGenerator$ThreadedSeedGenerator.run()V @ 120
Event: 16.388 Thread 0x00007f9c8c011000 Uncommon trap: reason=unstable_if action=reinterpret pc=0x00007f9c7d1148f4 method=java.lang.String.equals(Ljava/lang/Object;)Z @ 27

Classes redefined (0 events):
No events

Internal exceptions (7 events):
Event: 0.783 Thread 0x00007f9c8c011000 Exception <a 'java/lang/ClassNotFoundException': sun/awt/resources/awtProvider> (0x000000008c370d58) thrown at [/build/openjdk-9-argm_o/openjdk-9-9~b114/src/hotspot/src/share/vm/classfile/systemDictionary.cpp, line 224]
Event: 1.106 Thread 0x00007f9c8c011000 Exception <a 'java/io/FileNotFoundException'> (0x000000008c3b19b8) thrown at [/build/openjdk-9-argm_o/openjdk-9-9~b114/src/hotspot/src/share/vm/prims/jni.cpp, line 605]
Event: 1.107 Thread 0x00007f9c8c011000 Exception <a 'java/io/FileNotFoundException'> (0x000000008c3b9a20) thrown at [/build/openjdk-9-argm_o/openjdk-9-9~b114/src/hotspot/src/share/vm/prims/jni.cpp, line 605]
Event: 5.284 Thread 0x00007f9c8c011000 Exception <a 'java/lang/ClassNotFoundException': com/sun/swing/internal/plaf/metal/resources/metalProvider> (0x000000008c197e58) thrown at [/build/openjdk-9-argm_o/openjdk-9-9~b114/src/hotspot/src/share/vm/classfile/systemDictionary.cpp, line 224]
Event: 5.286 Thread 0x00007f9c8c011000 Exception <a 'java/lang/ClassNotFoundException': com/sun/swing/internal/plaf/basic/resources/basicProvider> (0x000000008c19b4b8) thrown at [/build/openjdk-9-argm_o/openjdk-9-9~b114/src/hotspot/src/share/vm/classfile/systemDictionary.cpp, line 224]
Event: 5.738 Thread 0x00007f9c8c011000 Implicit null exception at 0x00007f9c7d104838 to 0x00007f9c7d1048c6
Event: 5.873 Thread 0x00007f9c8c011000 Implicit null exception at 0x00007f9c7d10500f to 0x00007f9c7d105079

Events (10 events):
Event: 16.446 Thread 0x00007f9bd4003000 Thread added: 0x00007f9bd4003000
Event: 16.447 Thread 0x00007f9bd4001000 Thread exited: 0x00007f9bd4001000
Event: 16.452 loading class sun/nio/cs/UnicodeDecoder done
Event: 16.452 loading class sun/nio/cs/UTF_16$Decoder done
Event: 16.453 loading class sun/font/FileFontStrike
Event: 16.453 loading class sun/font/FileFontStrike done
Event: 16.453 loading class sun/font/FontScaler
Event: 16.453 loading class sun/font/FontScaler done
Event: 16.453 loading class sun/font/FreetypeFontScaler
Event: 16.454 loading class sun/font/FreetypeFontScaler done


Dynamic libraries:
00400000-00401000 r-xp 00000000 08:14 416373                             /usr/lib/jvm/java-9-openjdk-amd64/bin/java
00600000-00601000 r--p 00000000 08:14 416373                             /usr/lib/jvm/java-9-openjdk-amd64/bin/java
00601000-00602000 rw-p 00001000 08:14 416373                             /usr/lib/jvm/java-9-openjdk-amd64/bin/java
0232d000-0234e000 rw-p 00000000 00:00 0                                  [heap]
84a00000-8c600000 rw-p 00000000 00:00 0 
8c600000-100000000 ---p 00000000 00:00 0 
100000000-1001a0000 rw-p 00000000 00:00 0 
1001a0000-140000000 ---p 00000000 00:00 0 
7f9bc8000000-7f9bc8021000 rw-p 00000000 00:00 0 
7f9bc8021000-7f9bcc000000 ---p 00000000 00:00 0 
7f9bcc000000-7f9bcc021000 rw-p 00000000 00:00 0 
7f9bcc021000-7f9bd0000000 ---p 00000000 00:00 0 
7f9bd0000000-7f9bd0021000 rw-p 00000000 00:00 0 
7f9bd0021000-7f9bd4000000 ---p 00000000 00:00 0 
7f9bd4000000-7f9bd4021000 rw-p 00000000 00:00 0 
7f9bd4021000-7f9bd8000000 ---p 00000000 00:00 0 
7f9bd8000000-7f9bd8021000 rw-p 00000000 00:00 0 
7f9bd8021000-7f9bdc000000 ---p 00000000 00:00 0 
7f9bdc000000-7f9bdc021000 rw-p 00000000 00:00 0 
7f9bdc021000-7f9be0000000 ---p 00000000 00:00 0 
7f9be0000000-7f9be0021000 rw-p 00000000 00:00 0 
7f9be0021000-7f9be4000000 ---p 00000000 00:00 0 
7f9be4000000-7f9be4021000 rw-p 00000000 00:00 0 
7f9be4021000-7f9be8000000 ---p 00000000 00:00 0 
7f9be8000000-7f9be8021000 rw-p 00000000 00:00 0 
7f9be8021000-7f9bec000000 ---p 00000000 00:00 0 
7f9bec000000-7f9bec021000 rw-p 00000000 00:00 0 
7f9bec021000-7f9bf0000000 ---p 00000000 00:00 0 
7f9bf02ea000-7f9bf02ee000 ---p 00000000 00:00 0 
7f9bf02ee000-7f9bf03eb000 rw-p 00000000 00:00 0 
7f9bf03eb000-7f9bf03ef000 ---p 00000000 00:00 0 
7f9bf03ef000-7f9bf04ec000 rw-p 00000000 00:00 0 
7f9bf04ec000-7f9bf04f0000 ---p 00000000 00:00 0 
7f9bf04f0000-7f9bf06ed000 rw-p 00000000 00:00 0 
7f9bf06ed000-7f9bf07ed000 ---p 00000000 00:00 0 
7f9bf07ed000-7f9bf07f1000 ---p 00000000 00:00 0 
7f9bf07f1000-7f9bf0aee000 rw-p 00000000 00:00 0 
7f9bf0aee000-7f9bf0af2000 ---p 00000000 00:00 0 
7f9bf0af2000-7f9bf0bef000 rw-p 00000000 00:00 0 
7f9bf0bef000-7f9bf0bf4000 r-xp 00000000 08:14 172197                     /usr/lib/x86_64-linux-gnu/libXfixes.so.3.1.0
7f9bf0bf4000-7f9bf0df3000 ---p 00005000 08:14 172197                     /usr/lib/x86_64-linux-gnu/libXfixes.so.3.1.0
7f9bf0df3000-7f9bf0df4000 r--p 00004000 08:14 172197                     /usr/lib/x86_64-linux-gnu/libXfixes.so.3.1.0
7f9bf0df4000-7f9bf0df5000 rw-p 00005000 08:14 172197                     /usr/lib/x86_64-linux-gnu/libXfixes.so.3.1.0
7f9bf0df5000-7f9bf0dfe000 r-xp 00000000 08:14 143915                     /usr/lib/x86_64-linux-gnu/libXcursor.so.1.0.2
7f9bf0dfe000-7f9bf0ffd000 ---p 00009000 08:14 143915                     /usr/lib/x86_64-linux-gnu/libXcursor.so.1.0.2
7f9bf0ffd000-7f9bf0ffe000 r--p 00008000 08:14 143915                     /usr/lib/x86_64-linux-gnu/libXcursor.so.1.0.2
7f9bf0ffe000-7f9bf0fff000 rw-p 00009000 08:14 143915                     /usr/lib/x86_64-linux-gnu/libXcursor.so.1.0.2
7f9bf0fff000-7f9bf4000000 rw-p 00000000 00:00 0 
7f9bf4000000-7f9bf42de000 rw-p 00000000 00:00 0 
7f9bf42de000-7f9bf8000000 ---p 00000000 00:00 0 
7f9bf8000000-7f9bf81ca000 rw-p 00000000 00:00 0 
7f9bf81ca000-7f9bfc000000 ---p 00000000 00:00 0 
7f9bfc000000-7f9bfc1b7000 rw-p 00000000 00:00 0 
7f9bfc1b7000-7f9c00000000 ---p 00000000 00:00 0 
7f9c00000000-7f9c002ea000 rw-p 00000000 00:00 0 
7f9c002ea000-7f9c04000000 ---p 00000000 00:00 0 
7f9c04000000-7f9c04021000 rw-p 00000000 00:00 0 
7f9c04021000-7f9c08000000 ---p 00000000 00:00 0 
7f9c08000000-7f9c08021000 rw-p 00000000 00:00 0 
7f9c08021000-7f9c0c000000 ---p 00000000 00:00 0 
7f9c0c000000-7f9c0c021000 rw-p 00000000 00:00 0 
7f9c0c021000-7f9c10000000 ---p 00000000 00:00 0 
7f9c10000000-7f9c10021000 rw-p 00000000 00:00 0 
7f9c10021000-7f9c14000000 ---p 00000000 00:00 0 
7f9c14000000-7f9c14049000 rw-p 00000000 00:00 0 
7f9c14049000-7f9c18000000 ---p 00000000 00:00 0 
7f9c1808a000-7f9c1808e000 ---p 00000000 00:00 0 
7f9c1808e000-7f9c1818b000 rw-p 00000000 00:00 0 
7f9c1818b000-7f9c181bc000 r-xp 00000000 08:14 135918                     /usr/lib/x86_64-linux-gnu/libpng16.so.16.34.0
7f9c181bc000-7f9c183bb000 ---p 00031000 08:14 135918                     /usr/lib/x86_64-linux-gnu/libpng16.so.16.34.0
7f9c183bb000-7f9c183bc000 r--p 00030000 08:14 135918                     /usr/lib/x86_64-linux-gnu/libpng16.so.16.34.0
7f9c183bc000-7f9c183bd000 rw-p 00031000 08:14 135918                     /usr/lib/x86_64-linux-gnu/libpng16.so.16.34.0
7f9c183bd000-7f9c1846a000 r-xp 00000000 08:14 135938                     /usr/lib/x86_64-linux-gnu/libfreetype.so.6.15.0
7f9c1846a000-7f9c18669000 ---p 000ad000 08:14 135938                     /usr/lib/x86_64-linux-gnu/libfreetype.so.6.15.0
7f9c18669000-7f9c18670000 r--p 000ac000 08:14 135938                     /usr/lib/x86_64-linux-gnu/libfreetype.so.6.15.0
7f9c18670000-7f9c18671000 rw-p 000b3000 08:14 135938                     /usr/lib/x86_64-linux-gnu/libfreetype.so.6.15.0
7f9c18671000-7f9c18737000 r-xp 00000000 08:14 416393                     /usr/lib/jvm/java-9-openjdk-amd64/lib/amd64/libfontmanager.so
7f9c18737000-7f9c18936000 ---p 000c6000 08:14 416393                     /usr/lib/jvm/java-9-openjdk-amd64/lib/amd64/libfontmanager.so
7f9c18936000-7f9c18939000 r--p 000c5000 08:14 416393                     /usr/lib/jvm/java-9-openjdk-amd64/lib/amd64/libfontmanager.so
7f9c18939000-7f9c1893a000 rw-p 000c8000 08:14 416393                     /usr/lib/jvm/java-9-openjdk-amd64/lib/amd64/libfontmanager.so
7f9c1893a000-7f9c1893b000 rw-p 00000000 00:00 0 
7f9c1893b000-7f9c1894e000 r-xp 00000000 08:14 1056740                    /lib/x86_64-linux-gnu/libbsd.so.0.8.7
7f9c1894e000-7f9c18b4d000 ---p 00013000 08:14 1056740                    /lib/x86_64-linux-gnu/libbsd.so.0.8.7
7f9c18b4d000-7f9c18b4e000 r--p 00012000 08:14 1056740                    /lib/x86_64-linux-gnu/libbsd.so.0.8.7
7f9c18b4e000-7f9c18b4f000 rw-p 00013000 08:14 1056740                    /lib/x86_64-linux-gnu/libbsd.so.0.8.7
7f9c18b4f000-7f9c18b50000 rw-p 00000000 00:00 0 
7f9c18b50000-7f9c18b55000 r-xp 00000000 08:14 144727                     /usr/lib/x86_64-linux-gnu/libXdmcp.so.6.0.0
7f9c18b55000-7f9c18d54000 ---p 00005000 08:14 144727                     /usr/lib/x86_64-linux-gnu/libXdmcp.so.6.0.0
7f9c18d54000-7f9c18d55000 r--p 00004000 08:14 144727                     /usr/lib/x86_64-linux-gnu/libXdmcp.so.6.0.0
7f9c18d55000-7f9c18d56000 rw-p 00005000 08:14 144727                     /usr/lib/x86_64-linux-gnu/libXdmcp.so.6.0.0
7f9c18d56000-7f9c18d58000 r-xp 00000000 08:14 143012                     /usr/lib/x86_64-linux-gnu/libXau.so.6.0.0
7f9c18d58000-7f9c18f58000 ---p 00002000 08:14 143012                     /usr/lib/x86_64-linux-gnu/libXau.so.6.0.0
7f9c18f58000-7f9c18f59000 r--p 00002000 08:14 143012                     /usr/lib/x86_64-linux-gnu/libXau.so.6.0.0
7f9c18f59000-7f9c18f5a000 rw-p 00003000 08:14 143012                     /usr/lib/x86_64-linux-gnu/libXau.so.6.0.0
7f9c18f5a000-7f9c18f80000 r-xp 00000000 08:14 145143                     /usr/lib/x86_64-linux-gnu/libxcb.so.1.1.0
7f9c18f80000-7f9c19180000 ---p 00026000 08:14 145143                     /usr/lib/x86_64-linux-gnu/libxcb.so.1.1.0
7f9c19180000-7f9c19181000 r--p 00026000 08:14 145143                     /usr/lib/x86_64-linux-gnu/libxcb.so.1.1.0
7f9c19181000-7f9c19182000 rw-p 00027000 08:14 145143                     /usr/lib/x86_64-linux-gnu/libxcb.so.1.1.0
7f9c19182000-7f9c19191000 r-xp 00000000 08:14 158683                     /usr/lib/x86_64-linux-gnu/libXi.so.6.1.0
7f9c19191000-7f9c19390000 ---p 0000f000 08:14 158683                     /usr/lib/x86_64-linux-gnu/libXi.so.6.1.0
7f9c19390000-7f9c19391000 r--p 0000e000 08:14 158683                     /usr/lib/x86_64-linux-gnu/libXi.so.6.1.0
7f9c19391000-7f9c19392000 rw-p 0000f000 08:14 158683                     /usr/lib/x86_64-linux-gnu/libXi.so.6.1.0
7f9c19392000-7f9c19397000 r-xp 00000000 08:14 134483                     /usr/lib/x86_64-linux-gnu/libXtst.so.6.1.0
7f9c19397000-7f9c19596000 ---p 00005000 08:14 134483                     /usr/lib/x86_64-linux-gnu/libXtst.so.6.1.0
7f9c19596000-7f9c19597000 r--p 00004000 08:14 134483                     /usr/lib/x86_64-linux-gnu/libXtst.so.6.1.0
7f9c19597000-7f9c19598000 rw-p 00005000 08:14 134483                     /usr/lib/x86_64-linux-gnu/libXtst.so.6.1.0
7f9c19598000-7f9c195a1000 r-xp 00000000 08:14 145231                     /usr/lib/x86_64-linux-gnu/libXrender.so.1.3.0
7f9c195a1000-7f9c197a0000 ---p 00009000 08:14 145231                     /usr/lib/x86_64-linux-gnu/libXrender.so.1.3.0
7f9c197a0000-7f9c197a1000 r--p 00008000 08:14 145231                     /usr/lib/x86_64-linux-gnu/libXrender.so.1.3.0
7f9c197a1000-7f9c197a2000 rw-p 00009000 08:14 145231                     /usr/lib/x86_64-linux-gnu/libXrender.so.1.3.0
7f9c197a2000-7f9c198d5000 r-xp 00000000 08:14 134103                     /usr/lib/x86_64-linux-gnu/libX11.so.6.3.0
7f9c198d5000-7f9c19ad5000 ---p 00133000 08:14 134103                     /usr/lib/x86_64-linux-gnu/libX11.so.6.3.0
7f9c19ad5000-7f9c19ad6000 r--p 00133000 08:14 134103                     /usr/lib/x86_64-linux-gnu/libX11.so.6.3.0
7f9c19ad6000-7f9c19ada000 rw-p 00134000 08:14 134103                     /usr/lib/x86_64-linux-gnu/libX11.so.6.3.0
7f9c19ada000-7f9c19aeb000 r-xp 00000000 08:14 143025                     /usr/lib/x86_64-linux-gnu/libXext.so.6.4.0
7f9c19aeb000-7f9c19cea000 ---p 00011000 08:14 143025                     /usr/lib/x86_64-linux-gnu/libXext.so.6.4.0
7f9c19cea000-7f9c19ceb000 r--p 00010000 08:14 143025                     /usr/lib/x86_64-linux-gnu/libXext.so.6.4.0
7f9c19ceb000-7f9c19cec000 rw-p 00011000 08:14 143025                     /usr/lib/x86_64-linux-gnu/libXext.so.6.4.0
7f9c19cec000-7f9c19d43000 r-xp 00000000 08:14 416420                     /usr/lib/jvm/java-9-openjdk-amd64/lib/amd64/libawt_xawt.so
7f9c19d43000-7f9c19f43000 ---p 00057000 08:14 416420                     /usr/lib/jvm/java-9-openjdk-amd64/lib/amd64/libawt_xawt.so
7f9c19f43000-7f9c19f44000 r--p 00057000 08:14 416420                     /usr/lib/jvm/java-9-openjdk-amd64/lib/amd64/libawt_xawt.so
7f9c19f44000-7f9c19f47000 rw-p 00058000 08:14 416420                     /usr/lib/jvm/java-9-openjdk-amd64/lib/amd64/libawt_xawt.so
7f9c19f47000-7f9c19f48000 rw-p 00000000 00:00 0 
7f9c19f48000-7f9c19fe8000 r-xp 00000000 08:14 416392                     /usr/lib/jvm/java-9-openjdk-amd64/lib/amd64/libawt.so
7f9c19fe8000-7f9c1a1e7000 ---p 000a0000 08:14 416392                     /usr/lib/jvm/java-9-openjdk-amd64/lib/amd64/libawt.so
7f9c1a1e7000-7f9c1a1e8000 r--p 0009f000 08:14 416392                     /usr/lib/jvm/java-9-openjdk-amd64/lib/amd64/libawt.so
7f9c1a1e8000-7f9c1a1f3000 rw-p 000a0000 08:14 416392                     /usr/lib/jvm/java-9-openjdk-amd64/lib/amd64/libawt.so
7f9c1a1f3000-7f9c1a218000 rw-p 00000000 00:00 0 
7f9c1a218000-7f9c1a219000 ---p 00000000 00:00 0 
7f9c1a219000-7f9c1a319000 rw-p 00000000 00:00 0 
7f9c1a319000-7f9c1a31d000 ---p 00000000 00:00 0 
7f9c1a31d000-7f9c1a41a000 rw-p 00000000 00:00 0 
7f9c1a41a000-7f9c1a41e000 ---p 00000000 00:00 0 
7f9c1a41e000-7f9c1a51b000 rw-p 00000000 00:00 0 
7f9c1a51b000-7f9c1a531000 r-xp 00000000 08:14 416394                     /usr/lib/jvm/java-9-openjdk-amd64/lib/amd64/libnet.so
7f9c1a531000-7f9c1a730000 ---p 00016000 08:14 416394                     /usr/lib/jvm/java-9-openjdk-amd64/lib/amd64/libnet.so
7f9c1a730000-7f9c1a731000 r--p 00015000 08:14 416394                     /usr/lib/jvm/java-9-openjdk-amd64/lib/amd64/libnet.so
7f9c1a731000-7f9c1a732000 rw-p 00016000 08:14 416394                     /usr/lib/jvm/java-9-openjdk-amd64/lib/amd64/libnet.so
7f9c1a732000-7f9c1a743000 r-xp 00000000 08:14 416421                     /usr/lib/jvm/java-9-openjdk-amd64/lib/amd64/libnio.so
7f9c1a743000-7f9c1a943000 ---p 00011000 08:14 416421                     /usr/lib/jvm/java-9-openjdk-amd64/lib/amd64/libnio.so
7f9c1a943000-7f9c1a944000 r--p 00011000 08:14 416421                     /usr/lib/jvm/java-9-openjdk-amd64/lib/amd64/libnio.so
7f9c1a944000-7f9c1a945000 rw-p 00012000 08:14 416421                     /usr/lib/jvm/java-9-openjdk-amd64/lib/amd64/libnio.so
7f9c1a945000-7f9c1a949000 ---p 00000000 00:00 0 
7f9c1a949000-7f9c1aa46000 rw-p 00000000 00:00 0 
7f9c1aa46000-7f9c1aa47000 ---p 00000000 00:00 0 
7f9c1aa47000-7f9c1aa4b000 ---p 00000000 00:00 0 
7f9c1aa4b000-7f9c1ab47000 rw-p 00000000 00:00 0 
7f9c1ab47000-7f9c1ab48000 ---p 00000000 00:00 0 
7f9c1ab48000-7f9c1ab4c000 ---p 00000000 00:00 0 
7f9c1ab4c000-7f9c1ac48000 rw-p 00000000 00:00 0 
7f9c1ac48000-7f9c1ac49000 ---p 00000000 00:00 0 
7f9c1ac49000-7f9c1ac4d000 ---p 00000000 00:00 0 
7f9c1ac4d000-7f9c1ad49000 rw-p 00000000 00:00 0 
7f9c1ad49000-7f9c1ad4a000 ---p 00000000 00:00 0 
7f9c1ad4a000-7f9c1ad4e000 ---p 00000000 00:00 0 
7f9c1ad4e000-7f9c1ae4a000 rw-p 00000000 00:00 0 
7f9c1ae4a000-7f9c1ae4e000 ---p 00000000 00:00 0 
7f9c1ae4e000-7f9c1af4b000 rw-p 00000000 00:00 0 
7f9c1af4b000-7f9c1af4f000 ---p 00000000 00:00 0 
7f9c1af4f000-7f9c1b04c000 rw-p 00000000 00:00 0 
7f9c1b04c000-7f9c1b32b000 r--p 00000000 08:14 133176                     /usr/lib/locale/locale-archive
7f9c1b32b000-7f9c1b32f000 ---p 00000000 00:00 0 
7f9c1b32f000-7f9c1b42c000 rw-p 00000000 00:00 0 
7f9c1b42c000-7f9c1b430000 ---p 00000000 00:00 0 
7f9c1b430000-7f9c1b52d000 rw-p 00000000 00:00 0 
7f9c1b52d000-7f9c1b52e000 ---p 00000000 00:00 0 
7f9c1b52e000-7f9c1beff000 rw-p 00000000 00:00 0 
7f9c1beff000-7f9c1c000000 rw-p 00000000 00:00 0 
7f9c1c000000-7f9c1c021000 rw-p 00000000 00:00 0 
7f9c1c021000-7f9c20000000 ---p 00000000 00:00 0 
7f9c20000000-7f9c20021000 rw-p 00000000 00:00 0 
7f9c20021000-7f9c24000000 ---p 00000000 00:00 0 
7f9c24000000-7f9c24021000 rw-p 00000000 00:00 0 
7f9c24021000-7f9c28000000 ---p 00000000 00:00 0 
7f9c28030000-7f9c2a318000 rw-p 00000000 00:00 0 
7f9c2a318000-7f9c2c000000 ---p 00000000 00:00 0 
7f9c2c000000-7f9c2c021000 rw-p 00000000 00:00 0 
7f9c2c021000-7f9c30000000 ---p 00000000 00:00 0 
7f9c30000000-7f9c30021000 rw-p 00000000 00:00 0 
7f9c30021000-7f9c34000000 ---p 00000000 00:00 0 
7f9c34000000-7f9c34021000 rw-p 00000000 00:00 0 
7f9c34021000-7f9c38000000 ---p 00000000 00:00 0 
7f9c38000000-7f9c38021000 rw-p 00000000 00:00 0 
7f9c38021000-7f9c3c000000 ---p 00000000 00:00 0 
7f9c3c000000-7f9c3c021000 rw-p 00000000 00:00 0 
7f9c3c021000-7f9c40000000 ---p 00000000 00:00 0 
7f9c40000000-7f9c40021000 rw-p 00000000 00:00 0 
7f9c40021000-7f9c44000000 ---p 00000000 00:00 0 
7f9c44021000-7f9c4402c000 r--s 00000000 08:14 804604                     /var/cache/fontconfig/945677eb7aeaf62f1d50efc3fb3ec7d8-le64.cache-7
7f9c4402c000-7f9c44041000 r--s 00000000 08:14 807677                     /var/cache/fontconfig/04aabc0a78ac019cf9454389977116d2-le64.cache-7
7f9c44041000-7f9c449b4000 rw-p 00000000 00:00 0 
7f9c449b4000-7f9c449b5000 ---p 00000000 00:00 0 
7f9c449b5000-7f9c44ab5000 rw-p 00000000 00:00 0 
7f9c44ab5000-7f9c44ab6000 ---p 00000000 00:00 0 
7f9c44ab6000-7f9c44bb6000 rw-p 00000000 00:00 0 
7f9c44bb6000-7f9c44bb7000 ---p 00000000 00:00 0 
7f9c44bb7000-7f9c44ea7000 rw-p 00000000 00:00 0 
7f9c44ea7000-7f9c46b8f000 ---p 00000000 00:00 0 
7f9c46b8f000-7f9c46bcd000 rw-p 00000000 00:00 0 
7f9c46bcd000-7f9c46f6a000 ---p 00000000 00:00 0 
7f9c46f6a000-7f9c46fa8000 rw-p 00000000 00:00 0 
7f9c46fa8000-7f9c47720000 ---p 00000000 00:00 0 
7f9c47720000-7f9c4775e000 rw-p 00000000 00:00 0 
7f9c4775e000-7f9c47afb000 ---p 00000000 00:00 0 
7f9c47afb000-7f9c47afc000 ---p 00000000 00:00 0 
7f9c47afc000-7f9c47bfc000 rw-p 00000000 00:00 0 
7f9c47bfc000-7f9c47bfd000 ---p 00000000 00:00 0 
7f9c47bfd000-7f9c47cfd000 rw-p 00000000 00:00 0 
7f9c47cfd000-7f9c47cfe000 ---p 00000000 00:00 0 
7f9c47cfe000-7f9c47dfe000 rw-p 00000000 00:00 0 
7f9c47dfe000-7f9c47dff000 ---p 00000000 00:00 0 
7f9c47dff000-7f9c47eff000 rw-p 00000000 00:00 0 
7f9c47eff000-7f9c47f00000 ---p 00000000 00:00 0 
7f9c47f00000-7f9c48000000 rw-p 00000000 00:00 0 
7f9c48000000-7f9c48021000 rw-p 00000000 00:00 0 
7f9c48021000-7f9c4c000000 ---p 00000000 00:00 0 
7f9c4c000000-7f9c4c021000 rw-p 00000000 00:00 0 
7f9c4c021000-7f9c50000000 ---p 00000000 00:00 0 
7f9c50000000-7f9c50021000 rw-p 00000000 00:00 0 
7f9c50021000-7f9c54000000 ---p 00000000 00:00 0 
7f9c54000000-7f9c54021000 rw-p 00000000 00:00 0 
7f9c54021000-7f9c58000000 ---p 00000000 00:00 0 
7f9c58000000-7f9c58021000 rw-p 00000000 00:00 0 
7f9c58021000-7f9c5c000000 ---p 00000000 00:00 0 
7f9c5c000000-7f9c5c021000 rw-p 00000000 00:00 0 
7f9c5c021000-7f9c60000000 ---p 00000000 00:00 0 
7f9c60000000-7f9c60021000 rw-p 00000000 00:00 0 
7f9c60021000-7f9c64000000 ---p 00000000 00:00 0 
7f9c64000000-7f9c64021000 rw-p 00000000 00:00 0 
7f9c64021000-7f9c68000000 ---p 00000000 00:00 0 
7f9c68000000-7f9c68021000 rw-p 00000000 00:00 0 
7f9c68021000-7f9c6c000000 ---p 00000000 00:00 0 
7f9c6c000000-7f9c6c021000 rw-p 00000000 00:00 0 
7f9c6c021000-7f9c70000000 ---p 00000000 00:00 0 
7f9c70000000-7f9c70021000 rw-p 00000000 00:00 0 
7f9c70021000-7f9c74000000 ---p 00000000 00:00 0 
7f9c74000000-7f9c74005000 r--s 00000000 08:14 807679                     /var/cache/fontconfig/2300eef321c393bfd76478a5c0e95b23-le64.cache-7
7f9c74005000-7f9c74006000 r--s 00000000 08:14 807678                     /var/cache/fontconfig/0d8c3b2ac0904cb8a57a757ad11a4a08-le64.cache-7
7f9c74006000-7f9c74007000 r--s 00000000 08:14 807676                     /var/cache/fontconfig/1ac9eb803944fde146138c791f5cc56a-le64.cache-7
7f9c74007000-7f9c7400b000 r--s 00000000 08:14 807675                     /var/cache/fontconfig/385c0604a188198f04d133e54aba7fe7-le64.cache-7
7f9c7400b000-7f9c7400c000 r--s 00000000 08:14 807674                     /var/cache/fontconfig/dc05db6664285cc2f12bf69c139ae4c3-le64.cache-7
7f9c7400c000-7f9c74047000 r--s 00000000 08:14 789328                     /var/cache/fontconfig/365b55f210c0a22e9a19e35191240f32-le64.cache-7
7f9c74047000-7f9c74048000 ---p 00000000 00:00 0 
7f9c74048000-7f9c74148000 rw-p 00000000 00:00 0 
7f9c74148000-7f9c74149000 ---p 00000000 00:00 0 
7f9c74149000-7f9c74249000 rw-p 00000000 00:00 0 
7f9c74249000-7f9c7424a000 ---p 00000000 00:00 0 
7f9c7424a000-7f9c7434a000 rw-p 00000000 00:00 0 
7f9c7434a000-7f9c7434b000 ---p 00000000 00:00 0 
7f9c7434b000-7f9c74c53000 rw-p 00000000 00:00 0 
7f9c74c53000-7f9c74c54000 ---p 00000000 00:00 0 
7f9c74c54000-7f9c74d54000 rw-p 00000000 00:00 0 
7f9c74d54000-7f9c74d55000 ---p 00000000 00:00 0 
7f9c74d55000-7f9c74e55000 rw-p 00000000 00:00 0 
7f9c74e55000-7f9c74e56000 ---p 00000000 00:00 0 
7f9c74e56000-7f9c74f56000 rw-p 00000000 00:00 0 
7f9c74f56000-7f9c74f57000 ---p 00000000 00:00 0 
7f9c74f57000-7f9c75057000 rw-p 00000000 00:00 0 
7f9c75057000-7f9c75058000 ---p 00000000 00:00 0 
7f9c75058000-7f9c75158000 rw-p 00000000 00:00 0 
7f9c75158000-7f9c75159000 ---p 00000000 00:00 0 
7f9c75159000-7f9c75259000 rw-p 00000000 00:00 0 
7f9c75259000-7f9c7525a000 ---p 00000000 00:00 0 
7f9c7525a000-7f9c7535a000 rw-p 00000000 00:00 0 
7f9c7535a000-7f9c7535b000 ---p 00000000 00:00 0 
7f9c7535b000-7f9c75460000 rw-p 00000000 00:00 0 
7f9c75460000-7f9c75546000 ---p 00000000 00:00 0 
7f9c75546000-7f9c7554b000 rw-p 00000000 00:00 0 
7f9c7554b000-7f9c75631000 ---p 00000000 00:00 0 
7f9c75631000-7f9c758a1000 rwxp 00000000 00:00 0 
7f9c758a1000-7f9c75bc2000 ---p 00000000 00:00 0 
7f9c75bc2000-7f9c75e32000 rwxp 00000000 00:00 0 
7f9c75e32000-7f9c7d0f9000 ---p 00000000 00:00 0 
7f9c7d0f9000-7f9c7d369000 rwxp 00000000 00:00 0 
7f9c7d369000-7f9c84631000 ---p 00000000 00:00 0 
7f9c84631000-7f9c8b9e0000 r--s 00000000 08:14 416378                     /usr/lib/jvm/java-9-openjdk-amd64/lib/modules
7f9c8b9e0000-7f9c8b9e5000 r-xp 00000000 08:14 416408                     /usr/lib/jvm/java-9-openjdk-amd64/lib/amd64/libjimage.so
7f9c8b9e5000-7f9c8bbe4000 ---p 00005000 08:14 416408                     /usr/lib/jvm/java-9-openjdk-amd64/lib/amd64/libjimage.so
7f9c8bbe4000-7f9c8bbe5000 r--p 00004000 08:14 416408                     /usr/lib/jvm/java-9-openjdk-amd64/lib/amd64/libjimage.so
7f9c8bbe5000-7f9c8bbe6000 rw-p 00005000 08:14 416408                     /usr/lib/jvm/java-9-openjdk-amd64/lib/amd64/libjimage.so
7f9c8bbe6000-7f9c8bbed000 r-xp 00000000 08:14 416404                     /usr/lib/jvm/java-9-openjdk-amd64/lib/amd64/libzip.so
7f9c8bbed000-7f9c8bdec000 ---p 00007000 08:14 416404                     /usr/lib/jvm/java-9-openjdk-amd64/lib/amd64/libzip.so
7f9c8bdec000-7f9c8bded000 r--p 00006000 08:14 416404                     /usr/lib/jvm/java-9-openjdk-amd64/lib/amd64/libzip.so
7f9c8bded000-7f9c8bdee000 rw-p 00007000 08:14 416404                     /usr/lib/jvm/java-9-openjdk-amd64/lib/amd64/libzip.so
7f9c8bdee000-7f9c8bdf9000 r-xp 00000000 08:14 1094089                    /lib/x86_64-linux-gnu/libnss_files-2.27.so
7f9c8bdf9000-7f9c8bff8000 ---p 0000b000 08:14 1094089                    /lib/x86_64-linux-gnu/libnss_files-2.27.so
7f9c8bff8000-7f9c8bff9000 r--p 0000a000 08:14 1094089                    /lib/x86_64-linux-gnu/libnss_files-2.27.so
7f9c8bff9000-7f9c8bffa000 rw-p 0000b000 08:14 1094089                    /lib/x86_64-linux-gnu/libnss_files-2.27.so
7f9c8bffa000-7f9c8c000000 rw-p 00000000 00:00 0 
7f9c8c000000-7f9c8c8eb000 rw-p 00000000 00:00 0 
7f9c8c8eb000-7f9c90000000 ---p 00000000 00:00 0 
7f9c90000000-7f9c90002000 r--s 00000000 08:14 807673                     /var/cache/fontconfig/14a5e22175779b556eaa434240950366-le64.cache-7
7f9c90002000-7f9c90003000 r--s 00000000 08:14 807672                     /var/cache/fontconfig/660208299946a285a940457d1287da33-le64.cache-7
7f9c90003000-7f9c90005000 r--s 00000000 08:14 807671                     /var/cache/fontconfig/4f3e3037c9980c83b53a9351efadef62-le64.cache-7
7f9c90005000-7f9c90007000 r--s 00000000 08:14 807670                     /var/cache/fontconfig/767a8244fc0220cfb567a839d0392e0b-le64.cache-7
7f9c90007000-7f9c90008000 r--s 00000000 08:14 807669                     /var/cache/fontconfig/4794a0821666d79190d59a36cb4f44b5-le64.cache-7
7f9c90008000-7f9c9000a000 r--s 00000000 08:14 807668                     /var/cache/fontconfig/0bd3dc0958fa2205aaaa8ebb13e2872b-le64.cache-7
7f9c9000a000-7f9c90011000 r--s 00000000 08:14 807667                     /var/cache/fontconfig/8801497958630a81b71ace7c5f9b32a8-le64.cache-7
7f9c90011000-7f9c90016000 r--s 00000000 08:14 807666                     /var/cache/fontconfig/def309198bfa603429122923fa2bb2d4-le64.cache-7
7f9c90016000-7f9c90017000 r--s 00000000 08:14 807665                     /var/cache/fontconfig/b872e6e592da6075ffa4ab0a1fcc0c75-le64.cache-7
7f9c90017000-7f9c90018000 r--s 00000000 08:14 807664                     /var/cache/fontconfig/f6d4eedfaab2589bde49f7a3ff831d22-le64.cache-7
7f9c90018000-7f9c90019000 r--s 00000000 08:14 807663                     /var/cache/fontconfig/589f83ef4c36d296ce6e1c846f468f08-le64.cache-7
7f9c90019000-7f9c9001a000 r--s 00000000 08:14 807662                     /var/cache/fontconfig/bab58bb527bb656aaa9f116d68a48d89-le64.cache-7
7f9c9001a000-7f9c9001b000 r--s 00000000 08:14 807661                     /var/cache/fontconfig/2171a34dccabdb6bcbbc728186263178-le64.cache-7
7f9c9001b000-7f9c9001c000 r--s 00000000 08:14 807660                     /var/cache/fontconfig/c5c45a61289222e0d30b1a26ef4effbe-le64.cache-7
7f9c9001c000-7f9c9001d000 r--s 00000000 08:14 807659                     /var/cache/fontconfig/aec30016f93e1b46d1a973dce0d74068-le64.cache-7
7f9c9001d000-7f9c9001e000 r--s 00000000 08:14 807658                     /var/cache/fontconfig/3f589640d34b7dc9042c8d453f7c8b9c-le64.cache-7
7f9c9001e000-7f9c9001f000 r--s 00000000 08:14 807657                     /var/cache/fontconfig/16c2fda60d1b4b719f4b3d06fd951d25-le64.cache-7
7f9c9001f000-7f9c90020000 r--s 00000000 08:14 807656                     /var/cache/fontconfig/a48eab177a16e4f3713381162db2f3e9-le64.cache-7
7f9c90020000-7f9c90021000 r--s 00000000 08:14 807655                     /var/cache/fontconfig/564b2e68ac9bc4e36a6f7f6d6125ec1c-le64.cache-7
7f9c90021000-7f9c90026000 r--s 00000000 08:14 807654                     /var/cache/fontconfig/9d2451b1fd30e5bffe8383fd27c35478-le64.cache-7
7f9c90026000-7f9c9002c000 r--s 00000000 08:14 807653                     /var/cache/fontconfig/3047814df9a2f067bd2d96a2b9c36e5a-le64.cache-7
7f9c9002c000-7f9c9002d000 r--s 00000000 08:14 807652                     /var/cache/fontconfig/56cf4f4769d0f4abc89a4895d7bd3ae1-le64.cache-7
7f9c9002d000-7f9c9002e000 r--s 00000000 08:14 807651                     /var/cache/fontconfig/b9d506c9ac06c20b433354fa67a72993-le64.cache-7
7f9c9002e000-7f9c90034000 r--s 00000000 08:14 807650                     /var/cache/fontconfig/b47c4e1ecd0709278f4910c18777a504-le64.cache-7
7f9c90034000-7f9c90047000 r--s 00000000 08:14 807649                     /var/cache/fontconfig/d52a8644073d54c13679302ca1180695-le64.cache-7
7f9c90047000-7f9c90048000 r--s 00000000 08:14 807648                     /var/cache/fontconfig/370e5b74bf5dafc30834de68e24a87a4-le64.cache-7
7f9c90048000-7f9c90049000 r--s 00000000 08:14 807647                     /var/cache/fontconfig/6b2c5944714ca7831b25bed9e85cb5c8-le64.cache-7
7f9c90049000-7f9c9004a000 r--s 00000000 08:14 807646                     /var/cache/fontconfig/d5178ab6d91b49bf20a416737dcea9e8-le64.cache-7
7f9c9004a000-7f9c9004b000 r--s 00000000 08:14 807645                     /var/cache/fontconfig/551ecf3b0e8b0bca0f25c0944f561853-le64.cache-7
7f9c9004b000-7f9c90057000 r--s 00000000 08:14 807640                     /var/cache/fontconfig/d589a48862398ed80a3d6066f4f56f4c-le64.cache-7
7f9c90057000-7f9c900d3000 rw-p 00000000 00:00 0 
7f9c900d3000-7f9c900ea000 r-xp 00000000 08:14 1079324                    /lib/x86_64-linux-gnu/libnsl-2.27.so
7f9c900ea000-7f9c902e9000 ---p 00017000 08:14 1079324                    /lib/x86_64-linux-gnu/libnsl-2.27.so
7f9c902e9000-7f9c902ea000 r--p 00016000 08:14 1079324                    /lib/x86_64-linux-gnu/libnsl-2.27.so
7f9c902ea000-7f9c902eb000 rw-p 00017000 08:14 1079324                    /lib/x86_64-linux-gnu/libnsl-2.27.so
7f9c902eb000-7f9c902ed000 rw-p 00000000 00:00 0 
7f9c902ed000-7f9c902f8000 r-xp 00000000 08:14 1094093                    /lib/x86_64-linux-gnu/libnss_nis-2.27.so
7f9c902f8000-7f9c904f7000 ---p 0000b000 08:14 1094093                    /lib/x86_64-linux-gnu/libnss_nis-2.27.so
7f9c904f7000-7f9c904f8000 r--p 0000a000 08:14 1094093                    /lib/x86_64-linux-gnu/libnss_nis-2.27.so
7f9c904f8000-7f9c904f9000 rw-p 0000b000 08:14 1094093                    /lib/x86_64-linux-gnu/libnss_nis-2.27.so
7f9c904f9000-7f9c90501000 r-xp 00000000 08:14 1085313                    /lib/x86_64-linux-gnu/libnss_compat-2.27.so
7f9c90501000-7f9c90701000 ---p 00008000 08:14 1085313                    /lib/x86_64-linux-gnu/libnss_compat-2.27.so
7f9c90701000-7f9c90702000 r--p 00008000 08:14 1085313                    /lib/x86_64-linux-gnu/libnss_compat-2.27.so
7f9c90702000-7f9c90703000 rw-p 00009000 08:14 1085313                    /lib/x86_64-linux-gnu/libnss_compat-2.27.so
7f9c90703000-7f9c9072e000 r-xp 00000000 08:14 416387                     /usr/lib/jvm/java-9-openjdk-amd64/lib/amd64/libjava.so
7f9c9072e000-7f9c9092d000 ---p 0002b000 08:14 416387                     /usr/lib/jvm/java-9-openjdk-amd64/lib/amd64/libjava.so
7f9c9092d000-7f9c9092e000 r--p 0002a000 08:14 416387                     /usr/lib/jvm/java-9-openjdk-amd64/lib/amd64/libjava.so
7f9c9092e000-7f9c90930000 rw-p 0002b000 08:14 416387                     /usr/lib/jvm/java-9-openjdk-amd64/lib/amd64/libjava.so
7f9c90930000-7f9c9093d000 r-xp 00000000 08:14 416388                     /usr/lib/jvm/java-9-openjdk-amd64/lib/amd64/libverify.so
7f9c9093d000-7f9c90b3c000 ---p 0000d000 08:14 416388                     /usr/lib/jvm/java-9-openjdk-amd64/lib/amd64/libverify.so
7f9c90b3c000-7f9c90b3e000 r--p 0000c000 08:14 416388                     /usr/lib/jvm/java-9-openjdk-amd64/lib/amd64/libverify.so
7f9c90b3e000-7f9c90b3f000 rw-p 0000e000 08:14 416388                     /usr/lib/jvm/java-9-openjdk-amd64/lib/amd64/libverify.so
7f9c90b3f000-7f9c90b46000 r-xp 00000000 08:14 1094103                    /lib/x86_64-linux-gnu/librt-2.27.so
7f9c90b46000-7f9c90d45000 ---p 00007000 08:14 1094103                    /lib/x86_64-linux-gnu/librt-2.27.so
7f9c90d45000-7f9c90d46000 r--p 00006000 08:14 1094103                    /lib/x86_64-linux-gnu/librt-2.27.so
7f9c90d46000-7f9c90d47000 rw-p 00007000 08:14 1094103                    /lib/x86_64-linux-gnu/librt-2.27.so
7f9c90d47000-7f9c90d5e000 r-xp 00000000 08:14 1063418                    /lib/x86_64-linux-gnu/libgcc_s.so.1
7f9c90d5e000-7f9c90f5d000 ---p 00017000 08:14 1063418                    /lib/x86_64-linux-gnu/libgcc_s.so.1
7f9c90f5d000-7f9c90f5e000 r--p 00016000 08:14 1063418                    /lib/x86_64-linux-gnu/libgcc_s.so.1
7f9c90f5e000-7f9c90f5f000 rw-p 00017000 08:14 1063418                    /lib/x86_64-linux-gnu/libgcc_s.so.1
7f9c90f5f000-7f9c910fc000 r-xp 00000000 08:14 1067179                    /lib/x86_64-linux-gnu/libm-2.27.so
7f9c910fc000-7f9c912fb000 ---p 0019d000 08:14 1067179                    /lib/x86_64-linux-gnu/libm-2.27.so
7f9c912fb000-7f9c912fc000 r--p 0019c000 08:14 1067179                    /lib/x86_64-linux-gnu/libm-2.27.so
7f9c912fc000-7f9c912fd000 rw-p 0019d000 08:14 1067179                    /lib/x86_64-linux-gnu/libm-2.27.so
7f9c912fd000-7f9c9147b000 r-xp 00000000 08:14 132804                     /usr/lib/x86_64-linux-gnu/libstdc++.so.6.0.25
7f9c9147b000-7f9c9167b000 ---p 0017e000 08:14 132804                     /usr/lib/x86_64-linux-gnu/libstdc++.so.6.0.25
7f9c9167b000-7f9c91685000 r--p 0017e000 08:14 132804                     /usr/lib/x86_64-linux-gnu/libstdc++.so.6.0.25
7f9c91685000-7f9c91687000 rw-p 00188000 08:14 132804                     /usr/lib/x86_64-linux-gnu/libstdc++.so.6.0.25
7f9c91687000-7f9c9168b000 rw-p 00000000 00:00 0 
7f9c9168b000-7f9c924e9000 r-xp 00000000 08:14 416401                     /usr/lib/jvm/java-9-openjdk-amd64/lib/amd64/server/libjvm.so
7f9c924e9000-7f9c926e9000 ---p 00e5e000 08:14 416401                     /usr/lib/jvm/java-9-openjdk-amd64/lib/amd64/server/libjvm.so
7f9c926e9000-7f9c9279b000 r--p 00e5e000 08:14 416401                     /usr/lib/jvm/java-9-openjdk-amd64/lib/amd64/server/libjvm.so
7f9c9279b000-7f9c927cd000 rw-p 00f10000 08:14 416401                     /usr/lib/jvm/java-9-openjdk-amd64/lib/amd64/server/libjvm.so
7f9c927cd000-7f9c92812000 rw-p 00000000 00:00 0 
7f9c92812000-7f9c9282c000 r-xp 00000000 08:14 1094099                    /lib/x86_64-linux-gnu/libpthread-2.27.so
7f9c9282c000-7f9c92a2b000 ---p 0001a000 08:14 1094099                    /lib/x86_64-linux-gnu/libpthread-2.27.so
7f9c92a2b000-7f9c92a2c000 r--p 00019000 08:14 1094099                    /lib/x86_64-linux-gnu/libpthread-2.27.so
7f9c92a2c000-7f9c92a2d000 rw-p 0001a000 08:14 1094099                    /lib/x86_64-linux-gnu/libpthread-2.27.so
7f9c92a2d000-7f9c92a31000 rw-p 00000000 00:00 0 
7f9c92a31000-7f9c92a34000 r-xp 00000000 08:14 1067178                    /lib/x86_64-linux-gnu/libdl-2.27.so
7f9c92a34000-7f9c92c33000 ---p 00003000 08:14 1067178                    /lib/x86_64-linux-gnu/libdl-2.27.so
7f9c92c33000-7f9c92c34000 r--p 00002000 08:14 1067178                    /lib/x86_64-linux-gnu/libdl-2.27.so
7f9c92c34000-7f9c92c35000 rw-p 00003000 08:14 1067178                    /lib/x86_64-linux-gnu/libdl-2.27.so
7f9c92c35000-7f9c92c51000 r-xp 00000000 08:14 1061317                    /lib/x86_64-linux-gnu/libz.so.1.2.11
7f9c92c51000-7f9c92e50000 ---p 0001c000 08:14 1061317                    /lib/x86_64-linux-gnu/libz.so.1.2.11
7f9c92e50000-7f9c92e51000 r--p 0001b000 08:14 1061317                    /lib/x86_64-linux-gnu/libz.so.1.2.11
7f9c92e51000-7f9c92e52000 rw-p 0001c000 08:14 1061317                    /lib/x86_64-linux-gnu/libz.so.1.2.11
7f9c92e52000-7f9c93039000 r-xp 00000000 08:14 1067175                    /lib/x86_64-linux-gnu/libc-2.27.so
7f9c93039000-7f9c93239000 ---p 001e7000 08:14 1067175                    /lib/x86_64-linux-gnu/libc-2.27.so
7f9c93239000-7f9c9323d000 r--p 001e7000 08:14 1067175                    /lib/x86_64-linux-gnu/libc-2.27.so
7f9c9323d000-7f9c9323f000 rw-p 001eb000 08:14 1067175                    /lib/x86_64-linux-gnu/libc-2.27.so
7f9c9323f000-7f9c93243000 rw-p 00000000 00:00 0 
7f9c93243000-7f9c93251000 r-xp 00000000 08:14 416418                     /usr/lib/jvm/java-9-openjdk-amd64/lib/amd64/jli/libjli.so
7f9c93251000-7f9c93450000 ---p 0000e000 08:14 416418                     /usr/lib/jvm/java-9-openjdk-amd64/lib/amd64/jli/libjli.so
7f9c93450000-7f9c93451000 r--p 0000d000 08:14 416418                     /usr/lib/jvm/java-9-openjdk-amd64/lib/amd64/jli/libjli.so
7f9c93451000-7f9c93452000 rw-p 0000e000 08:14 416418                     /usr/lib/jvm/java-9-openjdk-amd64/lib/amd64/jli/libjli.so
7f9c93452000-7f9c93479000 r-xp 00000000 08:14 1063412                    /lib/x86_64-linux-gnu/ld-2.27.so
7f9c93479000-7f9c9347c000 r--s 00000000 08:14 807644                     /var/cache/fontconfig/f259c2cffa685e28062317905db73c4a-le64.cache-7
7f9c9347c000-7f9c9347e000 r--s 00000000 08:14 807643                     /var/cache/fontconfig/550f3886151c940c12a5ed35f6a00586-le64.cache-7
7f9c9347e000-7f9c93481000 r--s 00000000 08:14 807642                     /var/cache/fontconfig/674d1711f2d1d2a09646eb0bdcadee49-le64.cache-7
7f9c93481000-7f9c93482000 r--s 00000000 08:14 807641                     /var/cache/fontconfig/3f7329c5293ffd510edef78f73874cfd-le64.cache-7
7f9c93482000-7f9c93483000 r--s 00000000 08:14 807639                     /var/cache/fontconfig/30829fa25452a46451e813d634d7f916-le64.cache-7
7f9c93483000-7f9c93484000 r--s 00000000 08:14 807638                     /var/cache/fontconfig/0c9eb80ebd1c36541ebe2852d3bb0c49-le64.cache-7
7f9c93484000-7f9c93485000 r--s 00000000 08:14 807637                     /var/cache/fontconfig/22368d551a680bfe5a62c02760edf4ea-le64.cache-7
7f9c93485000-7f9c93486000 r--s 00000000 08:14 807636                     /var/cache/fontconfig/4d9c95eba1cb85bbcf2878543262124a-le64.cache-7
7f9c93486000-7f9c93487000 r--s 00000000 08:14 807635                     /var/cache/fontconfig/85e0a52ce643a7ba2ae53e5d6949cead-le64.cache-7
7f9c93487000-7f9c93488000 r--s 00000000 08:14 807634                     /var/cache/fontconfig/49f0de54bdd920fe4f0dfd4cbac43e6b-le64.cache-7
7f9c93488000-7f9c93489000 r--s 00000000 08:14 807633                     /var/cache/fontconfig/f6e6e0a5c3d2f6ae0c0c2e0ecd42a997-le64.cache-7
7f9c93489000-7f9c9348a000 r--s 00000000 08:14 807632                     /var/cache/fontconfig/4b2eda6bb976bda485cb2176619421d5-le64.cache-7
7f9c9348a000-7f9c93495000 r--s 00000000 08:14 807629                     /var/cache/fontconfig/83bf95040141907cd45bb53cf7c1c148-le64.cache-7
7f9c93495000-7f9c934a3000 r--s 00000000 08:14 807628                     /var/cache/fontconfig/9b89f8e3dae116d678bbf48e5f21f69b-le64.cache-7
7f9c934a3000-7f9c934b1000 r--s 00000000 08:14 791072                     /var/cache/fontconfig/e13b20fdb08344e0e664864cc2ede53d-le64.cache-7
7f9c934b1000-7f9c93555000 rw-p 00000000 00:00 0 
7f9c93555000-7f9c93556000 ---p 00000000 00:00 0 
7f9c93556000-7f9c9355a000 ---p 00000000 00:00 0 
7f9c9355a000-7f9c93658000 rw-p 00000000 00:00 0 
7f9c93658000-7f9c9365b000 r--s 00000000 08:14 807630                     /var/cache/fontconfig/75114ca45c98e8a441da0ff356701271-le64.cache-7
7f9c9365b000-7f9c9365d000 r--s 00000000 08:14 807488                     /var/cache/fontconfig/6afa1bb216ce958c1589e297e8008489-le64.cache-7
7f9c9365d000-7f9c93661000 r--s 00000000 08:14 789324                     /var/cache/fontconfig/7ef2298fde41cc6eeb7af42e48b7d293-le64.cache-7
7f9c93661000-7f9c93666000 rw-p 00000000 00:00 0 
7f9c93666000-7f9c9366d000 ---p 00000000 00:00 0 
7f9c9366d000-7f9c93675000 rw-s 00000000 08:14 932603                     /tmp/hsperfdata_abdul_asyraf/4346
7f9c93675000-7f9c93676000 rw-p 00000000 00:00 0 
7f9c93676000-7f9c93677000 r--p 00000000 00:00 0 
7f9c93677000-7f9c93679000 rw-p 00000000 00:00 0 
7f9c93679000-7f9c9367a000 r--p 00027000 08:14 1063412                    /lib/x86_64-linux-gnu/ld-2.27.so
7f9c9367a000-7f9c9367b000 rw-p 00028000 08:14 1063412                    /lib/x86_64-linux-gnu/ld-2.27.so
7f9c9367b000-7f9c9367c000 rw-p 00000000 00:00 0 
7ffe40065000-7ffe40086000 rw-p 00000000 00:00 0                          [stack]
7ffe400f1000-7ffe400f4000 r--p 00000000 00:00 0                          [vvar]
7ffe400f4000-7ffe400f6000 r-xp 00000000 00:00 0                          [vdso]
ffffffffff600000-ffffffffff601000 r-xp 00000000 00:00 0                  [vsyscall]

VM Arguments:
java_command: GuiTemperature
java_class_path (initial): bin
Launcher Type: SUN_STANDARD

Environment Variables:
JAVA_HOME=/usr/lib/jvm/java-8-oracle
PATH=/home/abdul_asyraf/bin:/home/abdul_asyraf/.local/bin:/home/abdul_asyraf/bin:/home/abdul_asyraf/.local/bin:/usr/local/sbin:/usr/local/bin:/usr/sbin:/usr/bin:/sbin:/bin:/usr/games:/usr/local/games:/snap/bin:/usr/lib/jvm/java-8-oracle/bin:/usr/lib/jvm/java-8-oracle/db/bin:/usr/lib/jvm/java-8-oracle/jre/bin:/usr/lib/jvm/java-8-oracle/bin:/usr/lib/jvm/java-8-oracle/db/bin:/usr/lib/jvm/java-8-oracle/jre/bin
USERNAME=abdul_asyraf
SHELL=/bin/bash
DISPLAY=:0

Signal Handlers:
SIGSEGV: [libjvm.so+0xc12c20], sa_mask[0]=11111111011111111101111111111110, sa_flags=SA_RESTART|SA_SIGINFO
SIGBUS: [libjvm.so+0xc12c20], sa_mask[0]=11111111011111111101111111111110, sa_flags=SA_RESTART|SA_SIGINFO
SIGFPE: [libjvm.so+0xc12c20], sa_mask[0]=11111111011111111101111111111110, sa_flags=SA_RESTART|SA_SIGINFO
SIGPIPE: [libjvm.so+0xa3b600], sa_mask[0]=11111111011111111101111111111110, sa_flags=SA_RESTART|SA_SIGINFO
SIGXFSZ: [libjvm.so+0xa3b600], sa_mask[0]=11111111011111111101111111111110, sa_flags=SA_RESTART|SA_SIGINFO
SIGILL: [libjvm.so+0xc12c20], sa_mask[0]=11111111011111111101111111111110, sa_flags=SA_RESTART|SA_SIGINFO
SIGUSR2: [libjvm.so+0xa3b4a0], sa_mask[0]=00000000000000000000000000000000, sa_flags=SA_RESTART|SA_SIGINFO
SIGHUP: [libjvm.so+0xa3b870], sa_mask[0]=11111111011111111101111111111110, sa_flags=SA_RESTART|SA_SIGINFO
SIGINT: [libjvm.so+0xa3b870], sa_mask[0]=11111111011111111101111111111110, sa_flags=SA_RESTART|SA_SIGINFO
SIGTERM: [libjvm.so+0xa3b870], sa_mask[0]=11111111011111111101111111111110, sa_flags=SA_RESTART|SA_SIGINFO
SIGQUIT: [libjvm.so+0xa3b870], sa_mask[0]=11111111011111111101111111111110, sa_flags=SA_RESTART|SA_SIGINFO


---------------  S Y S T E M  ---------------

OS:DISTRIB_ID=Ubuntu
DISTRIB_RELEASE=18.04
DISTRIB_CODENAME=bionic
DISTRIB_DESCRIPTION="Ubuntu 18.04.1 LTS"
uname:Linux 4.15.0-34-generic #37-Ubuntu SMP Mon Aug 27 15:21:48 UTC 2018 x86_64
libc:glibc 2.27 NPTL 2.27 
rlimit: STACK 8192k, CORE 0k, NPROC 31018, NOFILE 1048576, AS infinity
load average:1.73 1.14 1.00

/proc/meminfo:
MemTotal:        8085120 kB
MemFree:         3460492 kB
MemAvailable:    5038476 kB
Buffers:          112348 kB
Cached:          1770476 kB
SwapCached:            0 kB
Active:          3071908 kB
Inactive:        1162064 kB
Active(anon):    2365076 kB
Inactive(anon):   108300 kB
Active(file):     706832 kB
Inactive(file):  1053764 kB
Unevictable:          32 kB
Mlocked:              32 kB
SwapTotal:       8000508 kB
SwapFree:        8000508 kB
Dirty:               944 kB
Writeback:             0 kB
AnonPages:       2351416 kB
Mapped:           799480 kB
Shmem:            121988 kB
Slab:             158176 kB
SReclaimable:      85560 kB
SUnreclaim:        72616 kB
KernelStack:       16000 kB
PageTables:        55668 kB
NFS_Unstable:          0 kB
Bounce:                0 kB
WritebackTmp:          0 kB
CommitLimit:    12043068 kB
Committed_AS:    9274528 kB
VmallocTotal:   34359738367 kB
VmallocUsed:           0 kB
VmallocChunk:          0 kB
HardwareCorrupted:     0 kB
AnonHugePages:      8192 kB
ShmemHugePages:        0 kB
ShmemPmdMapped:        0 kB
CmaTotal:              0 kB
CmaFree:               0 kB
HugePages_Total:       0
HugePages_Free:        0
HugePages_Rsvd:        0
HugePages_Surp:        0
Hugepagesize:       2048 kB
DirectMap4k:      299240 kB
DirectMap2M:     6959104 kB
DirectMap1G:     1048576 kB


CPU:total 8 (4 cores per cpu, 2 threads per core) family 6 model 158 stepping 9, cmov, cx8, fxsr, mmx, sse, sse2, sse3, ssse3, sse4.1, sse4.2, popcnt, avx, avx2, aes, clmul, erms, 3dnowpref, lzcnt, ht, tsc, tscinvbit, bmi1, bmi2, adx

CPU Model and flags from /proc/cpuinfo:
model name	: Intel(R) Core(TM) i7-7700HQ CPU @ 2.80GHz
flags		: fpu vme de pse tsc msr pae mce cx8 apic sep mtrr pge mca cmov pat pse36 clflush dts acpi mmx fxsr sse sse2 ss ht tm pbe syscall nx pdpe1gb rdtscp lm constant_tsc art arch_perfmon pebs bts rep_good nopl xtopology nonstop_tsc cpuid aperfmperf tsc_known_freq pni pclmulqdq dtes64 monitor ds_cpl vmx est tm2 ssse3 sdbg fma cx16 xtpr pdcm pcid sse4_1 sse4_2 x2apic movbe popcnt tsc_deadline_timer aes xsave avx f16c rdrand lahf_lm abm 3dnowprefetch cpuid_fault epb invpcid_single pti ssbd ibrs ibpb stibp tpr_shadow vnmi flexpriority ept vpid fsgsbase tsc_adjust bmi1 avx2 smep bmi2 erms invpcid mpx rdseed adx smap clflushopt intel_pt xsaveopt xsavec xgetbv1 xsaves dtherm ida arat pln pts hwp hwp_notify hwp_act_window hwp_epp flush_l1d

Memory: 4k page, physical 8085120k(3460492k free), swap 8000508k(8000508k free)

vm_info: OpenJDK 64-Bit Server VM (9-internal+0-2016-04-14-195246.buildd.src) for linux-amd64 JRE (9-internal+0-2016-04-14-195246.buildd.src), built on Apr 14 2016 20:05:37 by "buildd" with gcc 5.3.1 20160413

END.
